<?xml version="1.0" encoding="UTF-8"?>
<!--
  Coverage output for civicship-api.

  Commit      : 8360d8d6 ("fix: update wallet validator error handling and test
                cleanup", 12 July 2025 13:51:52 +0900), the commit this report
                documents.
  Generated   : 2026-09-10, by checking out that commit and running jest with
                the runInBand and coverage flags (pnpm test:coverage).
  Runtime     : Node 22.22.2, PostgreSQL 16.
  Test result : 45 suites, 303 of 303 passing.

  The "generated" attribute below is the wall clock time of this run. The
  coverage figures are a property of the commit, not of when it was measured.
-->
<coverage generated="1789027687872" clover="3.2.0">
  <project timestamp="1789027687872" name="All files">
    <metrics statements="3759" coveredstatements="1812" conditionals="1357" coveredconditionals="170" methods="1220" coveredmethods="320" elements="6336" coveredelements="2302" complexity="0" loc="3759" ncloc="3759" packages="79" files="172" classes="172"/>
    <package name="application">
      <metrics statements="188" coveredstatements="188" conditionals="0" coveredconditionals="0" methods="1" coveredmethods="1"/>
      <file name="provider.ts" path="/tmp/claude-0/-home-user/819d9cea-32bd-5b35-a7ce-e7efc4fd9a56/scratchpad/cov/src/application/provider.ts">
        <metrics statements="188" coveredstatements="188" conditionals="0" coveredconditionals="0" methods="1" coveredmethods="1"/>
        <line num="1" count="28" type="stmt"/>
        <line num="2" count="28" type="stmt"/>
        <line num="3" count="28" type="stmt"/>
        <line num="4" count="28" type="stmt"/>
        <line num="5" count="28" type="stmt"/>
        <line num="6" count="28" type="stmt"/>
        <line num="7" count="28" type="stmt"/>
        <line num="8" count="28" type="stmt"/>
        <line num="9" count="28" type="stmt"/>
        <line num="10" count="28" type="stmt"/>
        <line num="11" count="28" type="stmt"/>
        <line num="12" count="28" type="stmt"/>
        <line num="13" count="28" type="stmt"/>
        <line num="14" count="28" type="stmt"/>
        <line num="15" count="28" type="stmt"/>
        <line num="16" count="28" type="stmt"/>
        <line num="17" count="28" type="stmt"/>
        <line num="18" count="28" type="stmt"/>
        <line num="19" count="28" type="stmt"/>
        <line num="20" count="28" type="stmt"/>
        <line num="21" count="28" type="stmt"/>
        <line num="22" count="28" type="stmt"/>
        <line num="23" count="28" type="stmt"/>
        <line num="24" count="28" type="stmt"/>
        <line num="25" count="28" type="stmt"/>
        <line num="26" count="28" type="stmt"/>
        <line num="27" count="28" type="stmt"/>
        <line num="28" count="28" type="stmt"/>
        <line num="29" count="28" type="stmt"/>
        <line num="30" count="28" type="stmt"/>
        <line num="31" count="28" type="stmt"/>
        <line num="32" count="28" type="stmt"/>
        <line num="33" count="28" type="stmt"/>
        <line num="34" count="28" type="stmt"/>
        <line num="35" count="28" type="stmt"/>
        <line num="36" count="28" type="stmt"/>
        <line num="37" count="28" type="stmt"/>
        <line num="38" count="28" type="stmt"/>
        <line num="39" count="28" type="stmt"/>
        <line num="40" count="28" type="stmt"/>
        <line num="41" count="28" type="stmt"/>
        <line num="42" count="28" type="stmt"/>
        <line num="43" count="28" type="stmt"/>
        <line num="44" count="28" type="stmt"/>
        <line num="45" count="28" type="stmt"/>
        <line num="46" count="28" type="stmt"/>
        <line num="47" count="28" type="stmt"/>
        <line num="48" count="28" type="stmt"/>
        <line num="49" count="28" type="stmt"/>
        <line num="50" count="28" type="stmt"/>
        <line num="51" count="28" type="stmt"/>
        <line num="52" count="28" type="stmt"/>
        <line num="53" count="28" type="stmt"/>
        <line num="54" count="28" type="stmt"/>
        <line num="55" count="28" type="stmt"/>
        <line num="56" count="28" type="stmt"/>
        <line num="57" count="28" type="stmt"/>
        <line num="58" count="28" type="stmt"/>
        <line num="59" count="28" type="stmt"/>
        <line num="60" count="28" type="stmt"/>
        <line num="61" count="28" type="stmt"/>
        <line num="62" count="28" type="stmt"/>
        <line num="63" count="28" type="stmt"/>
        <line num="64" count="28" type="stmt"/>
        <line num="65" count="28" type="stmt"/>
        <line num="66" count="28" type="stmt"/>
        <line num="67" count="28" type="stmt"/>
        <line num="68" count="28" type="stmt"/>
        <line num="69" count="28" type="stmt"/>
        <line num="70" count="28" type="stmt"/>
        <line num="71" count="28" type="stmt"/>
        <line num="72" count="28" type="stmt"/>
        <line num="73" count="28" type="stmt"/>
        <line num="74" count="28" type="stmt"/>
        <line num="75" count="28" type="stmt"/>
        <line num="76" count="28" type="stmt"/>
        <line num="77" count="28" type="stmt"/>
        <line num="78" count="28" type="stmt"/>
        <line num="79" count="28" type="stmt"/>
        <line num="80" count="28" type="stmt"/>
        <line num="81" count="28" type="stmt"/>
        <line num="82" count="28" type="stmt"/>
        <line num="83" count="28" type="stmt"/>
        <line num="84" count="28" type="stmt"/>
        <line num="85" count="28" type="stmt"/>
        <line num="86" count="28" type="stmt"/>
        <line num="87" count="28" type="stmt"/>
        <line num="88" count="28" type="stmt"/>
        <line num="89" count="28" type="stmt"/>
        <line num="90" count="28" type="stmt"/>
        <line num="91" count="28" type="stmt"/>
        <line num="92" count="28" type="stmt"/>
        <line num="93" count="28" type="stmt"/>
        <line num="95" count="28" type="stmt"/>
        <line num="100" count="91" type="stmt"/>
        <line num="101" count="91" type="stmt"/>
        <line num="102" count="91" type="stmt"/>
        <line num="109" count="91" type="stmt"/>
        <line num="110" count="91" type="stmt"/>
        <line num="111" count="91" type="stmt"/>
        <line num="112" count="91" type="stmt"/>
        <line num="115" count="91" type="stmt"/>
        <line num="116" count="91" type="stmt"/>
        <line num="117" count="91" type="stmt"/>
        <line num="118" count="91" type="stmt"/>
        <line num="119" count="91" type="stmt"/>
        <line num="122" count="91" type="stmt"/>
        <line num="123" count="91" type="stmt"/>
        <line num="124" count="91" type="stmt"/>
        <line num="125" count="91" type="stmt"/>
        <line num="126" count="91" type="stmt"/>
        <line num="129" count="91" type="stmt"/>
        <line num="130" count="91" type="stmt"/>
        <line num="131" count="91" type="stmt"/>
        <line num="132" count="91" type="stmt"/>
        <line num="134" count="91" type="stmt"/>
        <line num="135" count="91" type="stmt"/>
        <line num="138" count="91" type="stmt"/>
        <line num="139" count="91" type="stmt"/>
        <line num="140" count="91" type="stmt"/>
        <line num="141" count="91" type="stmt"/>
        <line num="144" count="91" type="stmt"/>
        <line num="145" count="91" type="stmt"/>
        <line num="146" count="91" type="stmt"/>
        <line num="148" count="91" type="stmt"/>
        <line num="149" count="91" type="stmt"/>
        <line num="150" count="91" type="stmt"/>
        <line num="151" count="91" type="stmt"/>
        <line num="157" count="91" type="stmt"/>
        <line num="158" count="91" type="stmt"/>
        <line num="159" count="91" type="stmt"/>
        <line num="160" count="91" type="stmt"/>
        <line num="162" count="91" type="stmt"/>
        <line num="168" count="91" type="stmt"/>
        <line num="175" count="91" type="stmt"/>
        <line num="176" count="91" type="stmt"/>
        <line num="177" count="91" type="stmt"/>
        <line num="178" count="91" type="stmt"/>
        <line num="181" count="91" type="stmt"/>
        <line num="182" count="91" type="stmt"/>
        <line num="183" count="91" type="stmt"/>
        <line num="184" count="91" type="stmt"/>
        <line num="187" count="91" type="stmt"/>
        <line num="188" count="91" type="stmt"/>
        <line num="189" count="91" type="stmt"/>
        <line num="190" count="91" type="stmt"/>
        <line num="191" count="91" type="stmt"/>
        <line num="194" count="91" type="stmt"/>
        <line num="195" count="91" type="stmt"/>
        <line num="196" count="91" type="stmt"/>
        <line num="197" count="91" type="stmt"/>
        <line num="200" count="91" type="stmt"/>
        <line num="203" count="91" type="stmt"/>
        <line num="206" count="91" type="stmt"/>
        <line num="215" count="91" type="stmt"/>
        <line num="216" count="91" type="stmt"/>
        <line num="217" count="91" type="stmt"/>
        <line num="218" count="91" type="stmt"/>
        <line num="221" count="91" type="stmt"/>
        <line num="222" count="91" type="stmt"/>
        <line num="223" count="91" type="stmt"/>
        <line num="224" count="91" type="stmt"/>
        <line num="227" count="91" type="stmt"/>
        <line num="228" count="91" type="stmt"/>
        <line num="229" count="91" type="stmt"/>
        <line num="230" count="91" type="stmt"/>
        <line num="233" count="91" type="stmt"/>
        <line num="234" count="91" type="stmt"/>
        <line num="235" count="91" type="stmt"/>
        <line num="236" count="91" type="stmt"/>
        <line num="239" count="91" type="stmt"/>
        <line num="240" count="91" type="stmt"/>
        <line num="241" count="91" type="stmt"/>
        <line num="242" count="91" type="stmt"/>
        <line num="248" count="91" type="stmt"/>
        <line num="249" count="91" type="stmt"/>
        <line num="250" count="91" type="stmt"/>
        <line num="251" count="91" type="stmt"/>
        <line num="253" count="91" type="stmt"/>
        <line num="254" count="91" type="stmt"/>
        <line num="255" count="91" type="stmt"/>
        <line num="256" count="91" type="stmt"/>
        <line num="262" count="91" type="stmt"/>
        <line num="263" count="91" type="stmt"/>
        <line num="264" count="91" type="stmt"/>
        <line num="265" count="91" type="stmt"/>
        <line num="271" count="91" type="stmt"/>
        <line num="274" count="28" type="stmt"/>
      </file>
    </package>
    <package name="application.domain">
      <metrics statements="25" coveredstatements="10" conditionals="16" coveredconditionals="2" methods="7" coveredmethods="1"/>
      <file name="utils.ts" path="/tmp/claude-0/-home-user/819d9cea-32bd-5b35-a7ce-e7efc4fd9a56/scratchpad/cov/src/application/domain/utils.ts">
        <metrics statements="25" coveredstatements="10" conditionals="16" coveredconditionals="2" methods="7" coveredmethods="1"/>
        <line num="2" count="34" type="stmt"/>
        <line num="3" count="34" type="stmt"/>
        <line num="5" count="34" type="stmt"/>
        <line num="6" count="124" type="cond" truecount="1" falsecount="2"/>
        <line num="8" count="124" type="stmt"/>
        <line num="9" count="124" type="cond" truecount="1" falsecount="0"/>
        <line num="10" count="1" type="stmt"/>
        <line num="14" count="123" type="stmt"/>
        <line num="17" count="34" type="stmt"/>
        <line num="18" count="0" type="stmt"/>
        <line num="19" count="0" type="cond" truecount="0" falsecount="3"/>
        <line num="20" count="0" type="stmt"/>
        <line num="23" count="0" type="cond" truecount="0" falsecount="2"/>
        <line num="26" count="34" type="stmt"/>
        <line num="31" count="0" type="cond" truecount="0" falsecount="3"/>
        <line num="32" count="0" type="stmt"/>
        <line num="35" count="0" type="stmt"/>
        <line num="37" count="0" type="stmt"/>
        <line num="39" count="0" type="stmt"/>
        <line num="40" count="0" type="stmt"/>
        <line num="41" count="0" type="stmt"/>
        <line num="42" count="0" type="stmt"/>
        <line num="49" count="0" type="cond" truecount="0" falsecount="2"/>
        <line num="56" count="0" type="stmt"/>
        <line num="57" count="0" type="stmt"/>
      </file>
    </package>
    <package name="application.domain.account.community">
      <metrics statements="72" coveredstatements="47" conditionals="17" coveredconditionals="2" methods="25" coveredmethods="11"/>
      <file name="presenter.ts" path="/tmp/claude-0/-home-user/819d9cea-32bd-5b35-a7ce-e7efc4fd9a56/scratchpad/cov/src/application/domain/account/community/presenter.ts">
        <metrics statements="7" coveredstatements="3" conditionals="2" coveredconditionals="0" methods="6" coveredmethods="2"/>
        <line num="10" count="28" type="stmt"/>
        <line num="12" count="0" type="stmt"/>
        <line num="21" count="0" type="stmt"/>
        <line num="29" count="2" type="stmt"/>
        <line num="45" count="2" type="stmt"/>
        <line num="52" count="0" type="stmt"/>
        <line num="59" count="0" type="stmt"/>
      </file>
      <file name="service.ts" path="/tmp/claude-0/-home-user/819d9cea-32bd-5b35-a7ce-e7efc4fd9a56/scratchpad/cov/src/application/domain/account/community/service.ts">
        <metrics statements="38" coveredstatements="30" conditionals="13" coveredconditionals="2" methods="9" coveredmethods="6"/>
        <line num="6" count="29" type="stmt"/>
        <line num="9" count="29" type="stmt"/>
        <line num="10" count="29" type="stmt"/>
        <line num="11" count="29" type="stmt"/>
        <line num="12" count="29" type="stmt"/>
        <line num="16" count="29" type="stmt"/>
        <line num="18" count="11" type="stmt"/>
        <line num="19" count="11" type="stmt"/>
        <line num="20" count="11" type="stmt"/>
        <line num="28" count="0" type="cond" truecount="0" falsecount="2"/>
        <line num="29" count="0" type="cond" truecount="0" falsecount="2"/>
        <line num="30" count="0" type="stmt"/>
        <line num="34" count="0" type="stmt"/>
        <line num="38" count="4" type="stmt"/>
        <line num="39" count="4" type="cond" truecount="1" falsecount="0"/>
        <line num="40" count="2" type="stmt"/>
        <line num="42" count="2" type="stmt"/>
        <line num="50" count="4" type="stmt"/>
        <line num="52" count="4" type="stmt"/>
        <line num="54" count="4" type="stmt"/>
        <line num="55" count="4" type="cond" truecount="0" falsecount="1"/>
        <line num="56" count="0" type="stmt"/>
        <line num="59" count="4" type="stmt"/>
        <line num="66" count="4" type="stmt"/>
        <line num="70" count="2" type="stmt"/>
        <line num="71" count="1" type="stmt"/>
        <line num="80" count="2" type="stmt"/>
        <line num="81" count="1" type="stmt"/>
        <line num="83" count="1" type="stmt"/>
        <line num="85" count="1" type="stmt"/>
        <line num="86" count="1" type="cond" truecount="0" falsecount="1"/>
        <line num="87" count="0" type="stmt"/>
        <line num="90" count="1" type="stmt"/>
        <line num="97" count="1" type="stmt"/>
        <line num="102" count="1" type="cond" truecount="1" falsecount="0"/>
        <line num="103" count="1" type="stmt"/>
        <line num="104" count="0" type="cond" truecount="0" falsecount="5"/>
        <line num="105" count="0" type="stmt"/>
      </file>
      <file name="usecase.ts" path="/tmp/claude-0/-home-user/819d9cea-32bd-5b35-a7ce-e7efc4fd9a56/scratchpad/cov/src/application/domain/account/community/usecase.ts">
        <metrics statements="27" coveredstatements="14" conditionals="2" coveredconditionals="0" methods="10" coveredmethods="3"/>
        <line num="14" count="28" type="stmt"/>
        <line num="15" count="28" type="stmt"/>
        <line num="16" count="28" type="stmt"/>
        <line num="17" count="28" type="stmt"/>
        <line num="18" count="28" type="stmt"/>
        <line num="21" count="28" type="stmt"/>
        <line num="23" count="6" type="stmt"/>
        <line num="25" count="6" type="stmt"/>
        <line num="32" count="0" type="stmt"/>
        <line num="33" count="0" type="stmt"/>
        <line num="34" count="0" type="stmt"/>
        <line num="35" count="0" type="stmt"/>
        <line num="36" count="0" type="stmt"/>
        <line num="43" count="0" type="stmt"/>
        <line num="44" count="0" type="cond" truecount="0" falsecount="2"/>
        <line num="51" count="4" type="stmt"/>
        <line num="52" count="4" type="stmt"/>
        <line num="53" count="3" type="stmt"/>
        <line num="55" count="2" type="stmt"/>
        <line num="56" count="2" type="stmt"/>
        <line num="58" count="2" type="stmt"/>
        <line num="66" count="0" type="stmt"/>
        <line num="67" count="0" type="stmt"/>
        <line num="69" count="0" type="stmt"/>
        <line num="76" count="0" type="stmt"/>
        <line num="77" count="0" type="stmt"/>
        <line num="79" count="0" type="stmt"/>
      </file>
    </package>
    <package name="application.domain.account.community.config">
      <metrics statements="18" coveredstatements="4" conditionals="10" coveredconditionals="0" methods="5" coveredmethods="1"/>
      <file name="service.ts" path="/tmp/claude-0/-home-user/819d9cea-32bd-5b35-a7ce-e7efc4fd9a56/scratchpad/cov/src/application/domain/account/community/config/service.ts">
        <metrics statements="18" coveredstatements="4" conditionals="10" coveredconditionals="0" methods="5" coveredmethods="1"/>
        <line num="2" count="28" type="stmt"/>
        <line num="3" count="28" type="stmt"/>
        <line num="8" count="28" type="stmt"/>
        <line num="11" count="21" type="stmt"/>
        <line num="15" count="0" type="stmt"/>
        <line num="16" count="0" type="cond" truecount="0" falsecount="1"/>
        <line num="17" count="0" type="stmt"/>
        <line num="19" count="0" type="stmt"/>
        <line num="30" count="0" type="stmt"/>
        <line num="31" count="0" type="cond" truecount="0" falsecount="4"/>
        <line num="32" count="0" type="stmt"/>
        <line num="34" count="0" type="stmt"/>
        <line num="48" count="0" type="stmt"/>
        <line num="49" count="0" type="cond" truecount="0" falsecount="3"/>
        <line num="50" count="0" type="stmt"/>
        <line num="52" count="0" type="stmt"/>
        <line num="63" count="0" type="stmt"/>
        <line num="64" count="0" type="cond" truecount="0" falsecount="2"/>
      </file>
    </package>
    <package name="application.domain.account.community.config.data">
      <metrics statements="12" coveredstatements="2" conditionals="5" coveredconditionals="0" methods="6" coveredmethods="0"/>
      <file name="repository.ts" path="/tmp/claude-0/-home-user/819d9cea-32bd-5b35-a7ce-e7efc4fd9a56/scratchpad/cov/src/application/domain/account/community/config/data/repository.ts">
        <metrics statements="12" coveredstatements="2" conditionals="5" coveredconditionals="0" methods="6" coveredmethods="0"/>
        <line num="9" count="28" type="stmt"/>
        <line num="12" count="28" type="stmt"/>
        <line num="17" count="0" type="stmt"/>
        <line num="18" count="0" type="stmt"/>
        <line num="22" count="0" type="cond" truecount="0" falsecount="2"/>
        <line num="27" count="0" type="stmt"/>
        <line num="28" count="0" type="stmt"/>
        <line num="32" count="0" type="cond" truecount="0" falsecount="2"/>
        <line num="41" count="0" type="stmt"/>
        <line num="42" count="0" type="stmt"/>
        <line num="48" count="0" type="cond" truecount="0" falsecount="1"/>
        <line num="50" count="0" type="stmt"/>
      </file>
    </package>
    <package name="application.domain.account.community.controller">
      <metrics statements="20" coveredstatements="8" conditionals="2" coveredconditionals="0" methods="14" coveredmethods="2"/>
      <file name="resolver.ts" path="/tmp/claude-0/-home-user/819d9cea-32bd-5b35-a7ce-e7efc4fd9a56/scratchpad/cov/src/application/domain/account/community/controller/resolver.ts">
        <metrics statements="20" coveredstatements="8" conditionals="2" coveredconditionals="0" methods="14" coveredmethods="2"/>
        <line num="9" count="2" type="stmt"/>
        <line num="10" count="2" type="stmt"/>
        <line num="13" count="2" type="stmt"/>
        <line num="14" count="2" type="stmt"/>
        <line num="16" count="2" type="stmt"/>
        <line num="18" count="0" type="stmt"/>
        <line num="21" count="0" type="stmt"/>
        <line num="25" count="2" type="stmt"/>
        <line num="27" count="0" type="stmt"/>
        <line num="30" count="1" type="stmt"/>
        <line num="37" count="0" type="stmt"/>
        <line num="41" count="2" type="stmt"/>
        <line num="43" count="0" type="cond" truecount="0" falsecount="2"/>
        <line num="47" count="0" type="stmt"/>
        <line num="51" count="0" type="stmt"/>
        <line num="55" count="0" type="stmt"/>
        <line num="59" count="0" type="stmt"/>
        <line num="63" count="0" type="stmt"/>
        <line num="67" count="0" type="stmt"/>
        <line num="71" count="0" type="stmt"/>
      </file>
    </package>
    <package name="application.domain.account.community.data">
      <metrics statements="33" coveredstatements="13" conditionals="20" coveredconditionals="0" methods="17" coveredmethods="2"/>
      <file name="converter.ts" path="/tmp/claude-0/-home-user/819d9cea-32bd-5b35-a7ce-e7efc4fd9a56/scratchpad/cov/src/application/domain/account/community/data/converter.ts">
        <metrics statements="19" coveredstatements="5" conditionals="16" coveredconditionals="0" methods="10" coveredmethods="1"/>
        <line num="8" count="29" type="stmt"/>
        <line num="9" count="29" type="stmt"/>
        <line num="12" count="29" type="stmt"/>
        <line num="14" count="0" type="stmt"/>
        <line num="36" count="0" type="cond" truecount="0" falsecount="2"/>
        <line num="46" count="4" type="stmt"/>
        <line num="48" count="4" type="stmt"/>
        <line num="70" count="0" type="stmt"/>
        <line num="86" count="0" type="stmt"/>
        <line num="87" count="0" type="stmt"/>
        <line num="89" count="0" type="stmt"/>
        <line num="90" count="0" type="cond" truecount="0" falsecount="2"/>
        <line num="91" count="0" type="stmt"/>
        <line num="93" count="0" type="stmt"/>
        <line num="94" count="0" type="cond" truecount="0" falsecount="2"/>
        <line num="96" count="0" type="stmt"/>
        <line num="97" count="0" type="stmt"/>
        <line num="103" count="0" type="stmt"/>
        <line num="109" count="0" type="stmt"/>
      </file>
      <file name="repository.ts" path="/tmp/claude-0/-home-user/819d9cea-32bd-5b35-a7ce-e7efc4fd9a56/scratchpad/cov/src/application/domain/account/community/data/repository.ts">
        <metrics statements="10" coveredstatements="4" conditionals="4" coveredconditionals="0" methods="7" coveredmethods="1"/>
        <line num="2" count="28" type="stmt"/>
        <line num="4" count="28" type="stmt"/>
        <line num="8" count="28" type="stmt"/>
        <line num="16" count="0" type="stmt"/>
        <line num="17" count="0" type="stmt"/>
        <line num="29" count="0" type="stmt"/>
        <line num="30" count="0" type="stmt"/>
        <line num="38" count="3" type="stmt"/>
        <line num="50" count="0" type="stmt"/>
        <line num="58" count="0" type="stmt"/>
      </file>
      <file name="type.ts" path="/tmp/claude-0/-home-user/819d9cea-32bd-5b35-a7ce-e7efc4fd9a56/scratchpad/cov/src/application/domain/account/community/data/type.ts">
        <metrics statements="4" coveredstatements="4" conditionals="0" coveredconditionals="0" methods="0" coveredmethods="0"/>
        <line num="1" count="29" type="stmt"/>
        <line num="2" count="29" type="stmt"/>
        <line num="4" count="29" type="stmt"/>
        <line num="9" count="29" type="stmt"/>
      </file>
    </package>
    <package name="application.domain.account.identity">
      <metrics statements="135" coveredstatements="72" conditionals="52" coveredconditionals="19" methods="28" coveredmethods="17"/>
      <file name="presenter.ts" path="/tmp/claude-0/-home-user/819d9cea-32bd-5b35-a7ce-e7efc4fd9a56/scratchpad/cov/src/application/domain/account/identity/presenter.ts">
        <metrics statements="4" coveredstatements="2" conditionals="0" coveredconditionals="0" methods="3" coveredmethods="1"/>
        <line num="5" count="28" type="stmt"/>
        <line num="7" count="2" type="stmt"/>
        <line num="14" count="0" type="stmt"/>
        <line num="21" count="0" type="stmt"/>
      </file>
      <file name="service.ts" path="/tmp/claude-0/-home-user/819d9cea-32bd-5b35-a7ce-e7efc4fd9a56/scratchpad/cov/src/application/domain/account/identity/service.ts">
        <metrics statements="34" coveredstatements="26" conditionals="9" coveredconditionals="6" methods="9" coveredmethods="7"/>
        <line num="1" count="29" type="stmt"/>
        <line num="4" count="29" type="stmt"/>
        <line num="6" count="29" type="stmt"/>
        <line num="7" count="29" type="stmt"/>
        <line num="11" count="29" type="stmt"/>
        <line num="13" count="24" type="stmt"/>
        <line num="14" count="24" type="stmt"/>
        <line num="24" count="4" type="cond" truecount="2" falsecount="0"/>
        <line num="33" count="4" type="stmt"/>
        <line num="46" count="0" type="cond" truecount="0" falsecount="2"/>
        <line num="49" count="0" type="stmt"/>
        <line num="82" count="0" type="stmt"/>
        <line num="87" count="0" type="cond" truecount="0" falsecount="1"/>
        <line num="88" count="0" type="stmt"/>
        <line num="91" count="0" type="stmt"/>
        <line num="99" count="0" type="stmt"/>
        <line num="103" count="2" type="stmt"/>
        <line num="104" count="2" type="cond" truecount="1" falsecount="0"/>
        <line num="105" count="2" type="stmt"/>
        <line num="107" count="0" type="stmt"/>
        <line num="111" count="3" type="stmt"/>
        <line num="112" count="3" type="cond" truecount="2" falsecount="0"/>
        <line num="113" count="2" type="stmt"/>
        <line num="115" count="1" type="stmt"/>
        <line num="120" count="2" type="stmt"/>
        <line num="121" count="2" type="stmt"/>
        <line num="125" count="9" type="stmt"/>
        <line num="139" count="8" type="cond" truecount="1" falsecount="0"/>
        <line num="140" count="5" type="stmt"/>
        <line num="141" count="5" type="stmt"/>
        <line num="142" count="5" type="stmt"/>
        <line num="145" count="3" type="stmt"/>
        <line num="146" count="2" type="stmt"/>
        <line num="159" count="2" type="stmt"/>
      </file>
      <file name="usecase.ts" path="/tmp/claude-0/-home-user/819d9cea-32bd-5b35-a7ce-e7efc4fd9a56/scratchpad/cov/src/application/domain/account/identity/usecase.ts">
        <metrics statements="97" coveredstatements="44" conditionals="43" coveredconditionals="13" methods="16" coveredmethods="9"/>
        <line num="2" count="28" type="stmt"/>
        <line num="13" count="28" type="stmt"/>
        <line num="14" count="28" type="stmt"/>
        <line num="15" count="28" type="stmt"/>
        <line num="16" count="28" type="stmt"/>
        <line num="17" count="28" type="stmt"/>
        <line num="18" count="28" type="stmt"/>
        <line num="19" count="28" type="stmt"/>
        <line num="20" count="28" type="stmt"/>
        <line num="21" count="28" type="stmt"/>
        <line num="22" count="28" type="stmt"/>
        <line num="27" count="28" type="stmt"/>
        <line num="29" count="4" type="stmt"/>
        <line num="30" count="4" type="stmt"/>
        <line num="31" count="4" type="stmt"/>
        <line num="32" count="4" type="stmt"/>
        <line num="36" count="0" type="stmt"/>
        <line num="46" count="0" type="cond" truecount="0" falsecount="4"/>
        <line num="47" count="0" type="stmt"/>
        <line num="50" count="0" type="stmt"/>
        <line num="51" count="0" type="stmt"/>
        <line num="54" count="0" type="stmt"/>
        <line num="61" count="0" type="cond" truecount="0" falsecount="4"/>
        <line num="62" count="0" type="stmt"/>
        <line num="64" count="0" type="stmt"/>
        <line num="65" count="0" type="stmt"/>
        <line num="66" count="0" type="stmt"/>
        <line num="67" count="0" type="stmt"/>
        <line num="77" count="0" type="cond" truecount="0" falsecount="3"/>
        <line num="78" count="0" type="stmt"/>
        <line num="81" count="0" type="stmt"/>
        <line num="82" count="0" type="stmt"/>
        <line num="84" count="0" type="stmt"/>
        <line num="85" count="0" type="stmt"/>
        <line num="87" count="0" type="stmt"/>
        <line num="92" count="0" type="stmt"/>
        <line num="93" count="0" type="stmt"/>
        <line num="104" count="2" type="stmt"/>
        <line num="106" count="2" type="stmt"/>
        <line num="108" count="2" type="stmt"/>
        <line num="109" count="2" type="stmt"/>
        <line num="111" count="2" type="cond" truecount="0" falsecount="1"/>
        <line num="112" count="0" type="stmt"/>
        <line num="113" count="0" type="stmt"/>
        <line num="116" count="2" type="stmt"/>
        <line num="117" count="2" type="stmt"/>
        <line num="121" count="2" type="cond" truecount="2" falsecount="1"/>
        <line num="122" count="0" type="stmt"/>
        <line num="123" count="0" type="stmt"/>
        <line num="125" count="2" type="cond" truecount="0" falsecount="1"/>
        <line num="126" count="0" type="stmt"/>
        <line num="127" count="0" type="stmt"/>
        <line num="133" count="2" type="stmt"/>
        <line num="134" count="2" type="stmt"/>
        <line num="143" count="2" type="cond" truecount="1" falsecount="1"/>
        <line num="147" count="2" type="stmt"/>
        <line num="164" count="2" type="stmt"/>
        <line num="165" count="2" type="stmt"/>
        <line num="166" count="2" type="stmt"/>
        <line num="167" count="2" type="stmt"/>
        <line num="170" count="2" type="cond" truecount="0" falsecount="1"/>
        <line num="171" count="0" type="stmt"/>
        <line num="172" count="0" type="stmt"/>
        <line num="174" count="2" type="stmt"/>
        <line num="175" count="2" type="cond" truecount="0" falsecount="1"/>
        <line num="176" count="0" type="stmt"/>
        <line num="179" count="2" type="stmt"/>
        <line num="181" count="0" type="stmt"/>
        <line num="186" count="0" type="stmt"/>
        <line num="196" count="2" type="cond" truecount="3" falsecount="0"/>
        <line num="197" count="2" type="stmt"/>
        <line num="198" count="2" type="cond" truecount="3" falsecount="0"/>
        <line num="199" count="2" type="stmt"/>
        <line num="205" count="2" type="stmt"/>
        <line num="208" count="2" type="cond" truecount="2" falsecount="2"/>
        <line num="209" count="0" type="stmt"/>
        <line num="210" count="0" type="cond" truecount="0" falsecount="3"/>
        <line num="211" count="0" type="stmt"/>
        <line num="212" count="0" type="stmt"/>
        <line num="217" count="2" type="cond" truecount="1" falsecount="1"/>
        <line num="224" count="0" type="cond" truecount="0" falsecount="1"/>
        <line num="225" count="0" type="stmt"/>
        <line num="228" count="0" type="stmt"/>
        <line num="230" count="0" type="stmt"/>
        <line num="232" count="0" type="cond" truecount="0" falsecount="1"/>
        <line num="233" count="0" type="stmt"/>
        <line num="240" count="0" type="stmt"/>
        <line num="246" count="0" type="cond" truecount="0" falsecount="1"/>
        <line num="247" count="0" type="stmt"/>
        <line num="254" count="0" type="stmt"/>
        <line num="255" count="0" type="cond" truecount="0" falsecount="3"/>
        <line num="256" count="0" type="stmt"/>
        <line num="258" count="0" type="stmt"/>
        <line num="265" count="0" type="stmt"/>
        <line num="271" count="0" type="stmt"/>
        <line num="272" count="0" type="stmt"/>
        <line num="275" count="0" type="stmt"/>
      </file>
    </package>
    <package name="application.domain.account.identity.controller">
      <metrics statements="14" coveredstatements="8" conditionals="2" coveredconditionals="0" methods="8" coveredmethods="2"/>
      <file name="resolver.ts" path="/tmp/claude-0/-home-user/819d9cea-32bd-5b35-a7ce-e7efc4fd9a56/scratchpad/cov/src/application/domain/account/identity/controller/resolver.ts">
        <metrics statements="14" coveredstatements="8" conditionals="2" coveredconditionals="0" methods="8" coveredmethods="2"/>
        <line num="1" count="2" type="stmt"/>
        <line num="9" count="2" type="stmt"/>
        <line num="13" count="2" type="stmt"/>
        <line num="14" count="2" type="stmt"/>
        <line num="16" count="2" type="stmt"/>
        <line num="18" count="0" type="stmt"/>
        <line num="22" count="2" type="stmt"/>
        <line num="24" count="0" type="stmt"/>
        <line num="27" count="1" type="stmt"/>
        <line num="30" count="0" type="stmt"/>
        <line num="33" count="0" type="stmt"/>
        <line num="42" count="0" type="stmt"/>
        <line num="46" count="2" type="stmt"/>
        <line num="48" count="0" type="cond" truecount="0" falsecount="2"/>
      </file>
    </package>
    <package name="application.domain.account.identity.data">
      <metrics statements="13" coveredstatements="11" conditionals="2" coveredconditionals="1" methods="6" coveredmethods="4"/>
      <file name="converter.ts" path="/tmp/claude-0/-home-user/819d9cea-32bd-5b35-a7ce-e7efc4fd9a56/scratchpad/cov/src/application/domain/account/identity/data/converter.ts">
        <metrics statements="3" coveredstatements="3" conditionals="2" coveredconditionals="1" methods="1" coveredmethods="1"/>
        <line num="4" count="28" type="stmt"/>
        <line num="21" count="2" type="stmt"/>
        <line num="23" count="2" type="stmt"/>
      </file>
      <file name="repository.ts" path="/tmp/claude-0/-home-user/819d9cea-32bd-5b35-a7ce-e7efc4fd9a56/scratchpad/cov/src/application/domain/account/identity/data/repository.ts">
        <metrics statements="8" coveredstatements="6" conditionals="0" coveredconditionals="0" methods="5" coveredmethods="3"/>
        <line num="3" count="28" type="stmt"/>
        <line num="4" count="28" type="stmt"/>
        <line num="9" count="28" type="stmt"/>
        <line num="10" count="18" type="stmt"/>
        <line num="13" count="2" type="stmt"/>
        <line num="20" count="0" type="stmt"/>
        <line num="21" count="0" type="stmt"/>
        <line num="29" count="2" type="stmt"/>
      </file>
      <file name="type.ts" path="/tmp/claude-0/-home-user/819d9cea-32bd-5b35-a7ce-e7efc4fd9a56/scratchpad/cov/src/application/domain/account/identity/data/type.ts">
        <metrics statements="2" coveredstatements="2" conditionals="0" coveredconditionals="0" methods="0" coveredmethods="0"/>
        <line num="1" count="28" type="stmt"/>
        <line num="9" count="28" type="stmt"/>
      </file>
    </package>
    <package name="application.domain.account.identity.didIssuanceRequest">
      <metrics statements="61" coveredstatements="7" conditionals="16" coveredconditionals="0" methods="5" coveredmethods="0"/>
      <file name="service.ts" path="/tmp/claude-0/-home-user/819d9cea-32bd-5b35-a7ce-e7efc4fd9a56/scratchpad/cov/src/application/domain/account/identity/didIssuanceRequest/service.ts">
        <metrics statements="61" coveredstatements="7" conditionals="16" coveredconditionals="0" methods="5" coveredmethods="0"/>
        <line num="1" count="28" type="stmt"/>
        <line num="3" count="28" type="stmt"/>
        <line num="4" count="28" type="stmt"/>
        <line num="6" count="28" type="stmt"/>
        <line num="7" count="28" type="stmt"/>
        <line num="8" count="28" type="stmt"/>
        <line num="11" count="28" type="stmt"/>
        <line num="13" count="0" type="stmt"/>
        <line num="14" count="0" type="stmt"/>
        <line num="15" count="0" type="stmt"/>
        <line num="17" count="0" type="stmt"/>
        <line num="26" count="0" type="stmt"/>
        <line num="27" count="0" type="cond" truecount="0" falsecount="1"/>
        <line num="29" count="0" type="stmt"/>
        <line num="31" count="0" type="cond" truecount="0" falsecount="2"/>
        <line num="32" count="0" type="stmt"/>
        <line num="33" count="0" type="cond" truecount="0" falsecount="1"/>
        <line num="34" count="0" type="stmt"/>
        <line num="35" count="0" type="stmt"/>
        <line num="40" count="0" type="stmt"/>
        <line num="42" count="0" type="stmt"/>
        <line num="48" count="0" type="stmt"/>
        <line num="50" count="0" type="cond" truecount="0" falsecount="3"/>
        <line num="51" count="0" type="stmt"/>
        <line num="52" count="0" type="cond" truecount="0" falsecount="2"/>
        <line num="53" count="0" type="stmt"/>
        <line num="54" count="0" type="stmt"/>
        <line num="56" count="0" type="stmt"/>
        <line num="60" count="0" type="cond" truecount="0" falsecount="1"/>
        <line num="61" count="0" type="stmt"/>
        <line num="62" count="0" type="stmt"/>
        <line num="66" count="0" type="stmt"/>
        <line num="69" count="0" type="stmt"/>
        <line num="70" count="0" type="stmt"/>
        <line num="78" count="0" type="cond" truecount="0" falsecount="1"/>
        <line num="79" count="0" type="stmt"/>
        <line num="80" count="0" type="stmt"/>
        <line num="84" count="0" type="stmt"/>
        <line num="87" count="0" type="stmt"/>
        <line num="92" count="0" type="stmt"/>
        <line num="94" count="0" type="stmt"/>
        <line num="102" count="0" type="cond" truecount="0" falsecount="1"/>
        <line num="103" count="0" type="stmt"/>
        <line num="106" count="0" type="cond" truecount="0" falsecount="1"/>
        <line num="107" count="0" type="stmt"/>
        <line num="110" count="0" type="stmt"/>
        <line num="111" count="0" type="stmt"/>
        <line num="113" count="0" type="stmt"/>
        <line num="124" count="0" type="stmt"/>
        <line num="129" count="0" type="stmt"/>
        <line num="130" count="0" type="stmt"/>
        <line num="137" count="0" type="stmt"/>
        <line num="138" count="0" type="stmt"/>
        <line num="140" count="0" type="cond" truecount="0" falsecount="1"/>
        <line num="141" count="0" type="stmt"/>
        <line num="142" count="0" type="stmt"/>
        <line num="145" count="0" type="stmt"/>
        <line num="147" count="0" type="stmt"/>
        <line num="154" count="0" type="stmt"/>
        <line num="160" count="0" type="stmt"/>
        <line num="164" count="0" type="stmt"/>
      </file>
    </package>
    <package name="application.domain.account.identity.didIssuanceRequest.data">
      <metrics statements="27" coveredstatements="3" conditionals="17" coveredconditionals="0" methods="15" coveredmethods="0"/>
      <file name="repository.ts" path="/tmp/claude-0/-home-user/819d9cea-32bd-5b35-a7ce-e7efc4fd9a56/scratchpad/cov/src/application/domain/account/identity/didIssuanceRequest/data/repository.ts">
        <metrics statements="27" coveredstatements="3" conditionals="17" coveredconditionals="0" methods="15" coveredmethods="0"/>
        <line num="1" count="28" type="stmt"/>
        <line num="4" count="28" type="stmt"/>
        <line num="12" count="28" type="stmt"/>
        <line num="14" count="0" type="stmt"/>
        <line num="21" count="0" type="cond" truecount="0" falsecount="2"/>
        <line num="22" count="0" type="stmt"/>
        <line num="23" count="0" type="stmt"/>
        <line num="36" count="0" type="cond" truecount="0" falsecount="2"/>
        <line num="37" count="0" type="stmt"/>
        <line num="38" count="0" type="stmt"/>
        <line num="49" count="0" type="cond" truecount="0" falsecount="2"/>
        <line num="50" count="0" type="stmt"/>
        <line num="51" count="0" type="stmt"/>
        <line num="76" count="0" type="cond" truecount="0" falsecount="2"/>
        <line num="77" count="0" type="stmt"/>
        <line num="78" count="0" type="stmt"/>
        <line num="94" count="0" type="cond" truecount="0" falsecount="2"/>
        <line num="95" count="0" type="stmt"/>
        <line num="96" count="0" type="stmt"/>
        <line num="119" count="0" type="cond" truecount="0" falsecount="1"/>
        <line num="120" count="0" type="stmt"/>
        <line num="126" count="0" type="cond" truecount="0" falsecount="2"/>
        <line num="127" count="0" type="stmt"/>
        <line num="128" count="0" type="stmt"/>
        <line num="143" count="0" type="cond" truecount="0" falsecount="2"/>
        <line num="144" count="0" type="stmt"/>
        <line num="145" count="0" type="stmt"/>
      </file>
    </package>
    <package name="application.domain.account.membership">
      <metrics statements="123" coveredstatements="75" conditionals="24" coveredconditionals="11" methods="42" coveredmethods="20"/>
      <file name="presenter.ts" path="/tmp/claude-0/-home-user/819d9cea-32bd-5b35-a7ce-e7efc4fd9a56/scratchpad/cov/src/application/domain/account/membership/presenter.ts">
        <metrics statements="20" coveredstatements="4" conditionals="9" coveredconditionals="0" methods="11" coveredmethods="2"/>
        <line num="15" count="28" type="stmt"/>
        <line num="17" count="28" type="stmt"/>
        <line num="19" count="0" type="stmt"/>
        <line num="30" count="0" type="stmt"/>
        <line num="39" count="0" type="stmt"/>
        <line num="41" count="0" type="stmt"/>
        <line num="43" count="0" type="stmt"/>
        <line num="44" count="0" type="stmt"/>
        <line num="46" count="0" type="cond" truecount="0" falsecount="1"/>
        <line num="47" count="0" type="stmt"/>
        <line num="58" count="0" type="stmt"/>
        <line num="61" count="0" type="cond" truecount="0" falsecount="2"/>
        <line num="63" count="0" type="stmt"/>
        <line num="77" count="0" type="stmt"/>
        <line num="86" count="3" type="stmt"/>
        <line num="93" count="0" type="stmt"/>
        <line num="94" count="0" type="stmt"/>
        <line num="102" count="0" type="stmt"/>
        <line num="103" count="0" type="stmt"/>
        <line num="111" count="3" type="stmt"/>
      </file>
      <file name="service.ts" path="/tmp/claude-0/-home-user/819d9cea-32bd-5b35-a7ce-e7efc4fd9a56/scratchpad/cov/src/application/domain/account/membership/service.ts">
        <metrics statements="42" coveredstatements="41" conditionals="13" coveredconditionals="11" methods="10" coveredmethods="9"/>
        <line num="3" count="29" type="stmt"/>
        <line num="10" count="29" type="stmt"/>
        <line num="12" count="29" type="stmt"/>
        <line num="14" count="29" type="stmt"/>
        <line num="15" count="29" type="stmt"/>
        <line num="18" count="29" type="stmt"/>
        <line num="20" count="66" type="stmt"/>
        <line num="21" count="66" type="stmt"/>
        <line num="22" count="66" type="stmt"/>
        <line num="30" count="1" type="cond" truecount="1" falsecount="1"/>
        <line num="31" count="1" type="cond" truecount="1" falsecount="1"/>
        <line num="32" count="1" type="stmt"/>
        <line num="36" count="0" type="stmt"/>
        <line num="40" count="17" type="stmt"/>
        <line num="44" count="16" type="stmt"/>
        <line num="45" count="16" type="cond" truecount="1" falsecount="0"/>
        <line num="46" count="11" type="stmt"/>
        <line num="48" count="5" type="stmt"/>
        <line num="52" count="1" type="stmt"/>
        <line num="53" count="1" type="stmt"/>
        <line num="54" count="1" type="stmt"/>
        <line num="64" count="46" type="stmt"/>
        <line num="68" count="46" type="cond" truecount="2" falsecount="0"/>
        <line num="69" count="29" type="stmt"/>
        <line num="70" count="29" type="stmt"/>
        <line num="71" count="17" type="cond" truecount="1" falsecount="0"/>
        <line num="72" count="2" type="stmt"/>
        <line num="78" count="2" type="stmt"/>
        <line num="86" count="42" type="stmt"/>
        <line num="96" count="2" type="stmt"/>
        <line num="97" count="2" type="stmt"/>
        <line num="99" count="1" type="stmt"/>
        <line num="100" count="1" type="stmt"/>
        <line num="109" count="14" type="stmt"/>
        <line num="110" count="14" type="stmt"/>
        <line num="112" count="4" type="stmt"/>
        <line num="118" count="4" type="stmt"/>
        <line num="127" count="2" type="stmt"/>
        <line num="130" count="2" type="cond" truecount="1" falsecount="0"/>
        <line num="131" count="1" type="stmt"/>
        <line num="133" count="1" type="stmt"/>
        <line num="134" count="1" type="stmt"/>
      </file>
      <file name="usecase.ts" path="/tmp/claude-0/-home-user/819d9cea-32bd-5b35-a7ce-e7efc4fd9a56/scratchpad/cov/src/application/domain/account/membership/usecase.ts">
        <metrics statements="61" coveredstatements="30" conditionals="2" coveredconditionals="0" methods="21" coveredmethods="9"/>
        <line num="17" count="28" type="stmt"/>
        <line num="18" count="28" type="stmt"/>
        <line num="19" count="28" type="stmt"/>
        <line num="20" count="28" type="stmt"/>
        <line num="21" count="28" type="stmt"/>
        <line num="22" count="28" type="stmt"/>
        <line num="23" count="28" type="stmt"/>
        <line num="26" count="28" type="stmt"/>
        <line num="28" count="18" type="stmt"/>
        <line num="29" count="18" type="stmt"/>
        <line num="31" count="18" type="stmt"/>
        <line num="38" count="0" type="stmt"/>
        <line num="39" count="0" type="stmt"/>
        <line num="41" count="0" type="stmt"/>
        <line num="42" count="0" type="stmt"/>
        <line num="43" count="0" type="stmt"/>
        <line num="50" count="0" type="stmt"/>
        <line num="55" count="0" type="cond" truecount="0" falsecount="2"/>
        <line num="59" count="0" type="stmt"/>
        <line num="60" count="0" type="stmt"/>
        <line num="62" count="0" type="stmt"/>
        <line num="66" count="0" type="stmt"/>
        <line num="67" count="0" type="stmt"/>
        <line num="75" count="0" type="stmt"/>
        <line num="79" count="6" type="stmt"/>
        <line num="81" count="6" type="stmt"/>
        <line num="82" count="6" type="stmt"/>
        <line num="88" count="3" type="stmt"/>
        <line num="94" count="3" type="stmt"/>
        <line num="97" count="3" type="stmt"/>
        <line num="98" count="3" type="stmt"/>
        <line num="102" count="0" type="stmt"/>
        <line num="104" count="0" type="stmt"/>
        <line num="105" count="0" type="stmt"/>
        <line num="114" count="0" type="stmt"/>
        <line num="118" count="0" type="stmt"/>
        <line num="120" count="0" type="stmt"/>
        <line num="121" count="0" type="stmt"/>
        <line num="127" count="0" type="stmt"/>
        <line num="128" count="0" type="stmt"/>
        <line num="131" count="0" type="stmt"/>
        <line num="132" count="0" type="stmt"/>
        <line num="136" count="0" type="stmt"/>
        <line num="138" count="0" type="stmt"/>
        <line num="139" count="0" type="stmt"/>
        <line num="145" count="0" type="stmt"/>
        <line num="146" count="0" type="stmt"/>
        <line num="149" count="0" type="stmt"/>
        <line num="150" count="0" type="stmt"/>
        <line num="154" count="4" type="stmt"/>
        <line num="155" count="4" type="stmt"/>
        <line num="158" count="1" type="stmt"/>
        <line num="159" count="1" type="stmt"/>
        <line num="163" count="4" type="stmt"/>
        <line num="164" count="4" type="stmt"/>
        <line num="167" count="1" type="stmt"/>
        <line num="168" count="1" type="stmt"/>
        <line num="172" count="4" type="stmt"/>
        <line num="173" count="4" type="stmt"/>
        <line num="176" count="1" type="stmt"/>
        <line num="177" count="1" type="stmt"/>
      </file>
    </package>
    <package name="application.domain.account.membership.controller">
      <metrics statements="21" coveredstatements="14" conditionals="0" coveredconditionals="0" methods="15" coveredmethods="8"/>
      <file name="resolver.ts" path="/tmp/claude-0/-home-user/819d9cea-32bd-5b35-a7ce-e7efc4fd9a56/scratchpad/cov/src/application/domain/account/membership/controller/resolver.ts">
        <metrics statements="21" coveredstatements="14" conditionals="0" coveredconditionals="0" methods="15" coveredmethods="8"/>
        <line num="15" count="2" type="stmt"/>
        <line num="16" count="2" type="stmt"/>
        <line num="20" count="2" type="stmt"/>
        <line num="21" count="2" type="stmt"/>
        <line num="23" count="2" type="stmt"/>
        <line num="25" count="0" type="stmt"/>
        <line num="27" count="0" type="stmt"/>
        <line num="31" count="2" type="stmt"/>
        <line num="33" count="0" type="stmt"/>
        <line num="38" count="0" type="stmt"/>
        <line num="43" count="1" type="stmt"/>
        <line num="48" count="1" type="stmt"/>
        <line num="50" count="1" type="stmt"/>
        <line num="55" count="1" type="stmt"/>
        <line num="60" count="0" type="stmt"/>
        <line num="65" count="0" type="stmt"/>
        <line num="67" count="1" type="stmt"/>
        <line num="70" count="2" type="stmt"/>
        <line num="72" count="3" type="stmt"/>
        <line num="76" count="3" type="stmt"/>
        <line num="80" count="0" type="stmt"/>
      </file>
    </package>
    <package name="application.domain.account.membership.data">
      <metrics statements="23" coveredstatements="15" conditionals="22" coveredconditionals="2" methods="14" coveredmethods="6"/>
      <file name="converter.ts" path="/tmp/claude-0/-home-user/819d9cea-32bd-5b35-a7ce-e7efc4fd9a56/scratchpad/cov/src/application/domain/account/membership/data/converter.ts">
        <metrics statements="8" coveredstatements="5" conditionals="18" coveredconditionals="2" methods="5" coveredmethods="2"/>
        <line num="2" count="29" type="stmt"/>
        <line num="3" count="29" type="stmt"/>
        <line num="6" count="29" type="stmt"/>
        <line num="8" count="0" type="stmt"/>
        <line num="33" count="0" type="cond" truecount="0" falsecount="2"/>
        <line num="41" count="28" type="stmt"/>
        <line num="62" count="0" type="stmt"/>
        <line num="85" count="4" type="stmt"/>
      </file>
      <file name="repository.ts" path="/tmp/claude-0/-home-user/819d9cea-32bd-5b35-a7ce-e7efc4fd9a56/scratchpad/cov/src/application/domain/account/membership/data/repository.ts">
        <metrics statements="12" coveredstatements="7" conditionals="4" coveredconditionals="0" methods="9" coveredmethods="4"/>
        <line num="3" count="28" type="stmt"/>
        <line num="8" count="28" type="stmt"/>
        <line num="11" count="28" type="stmt"/>
        <line num="19" count="0" type="stmt"/>
        <line num="20" count="0" type="stmt"/>
        <line num="38" count="0" type="stmt"/>
        <line num="39" count="0" type="stmt"/>
        <line num="47" count="56" type="stmt"/>
        <line num="48" count="56" type="stmt"/>
        <line num="56" count="28" type="stmt"/>
        <line num="68" count="4" type="stmt"/>
        <line num="80" count="0" type="stmt"/>
      </file>
      <file name="type.ts" path="/tmp/claude-0/-home-user/819d9cea-32bd-5b35-a7ce-e7efc4fd9a56/scratchpad/cov/src/application/domain/account/membership/data/type.ts">
        <metrics statements="3" coveredstatements="3" conditionals="0" coveredconditionals="0" methods="0" coveredmethods="0"/>
        <line num="1" count="28" type="stmt"/>
        <line num="3" count="28" type="stmt"/>
        <line num="14" count="28" type="stmt"/>
      </file>
    </package>
    <package name="application.domain.account.nft-wallet">
      <metrics statements="9" coveredstatements="2" conditionals="1" coveredconditionals="0" methods="4" coveredmethods="0"/>
      <file name="service.ts" path="/tmp/claude-0/-home-user/819d9cea-32bd-5b35-a7ce-e7efc4fd9a56/scratchpad/cov/src/application/domain/account/nft-wallet/service.ts">
        <metrics statements="9" coveredstatements="2" conditionals="1" coveredconditionals="0" methods="4" coveredmethods="0"/>
        <line num="3" count="28" type="stmt"/>
        <line num="6" count="28" type="stmt"/>
        <line num="13" count="0" type="stmt"/>
        <line num="28" count="0" type="cond" truecount="0" falsecount="1"/>
        <line num="29" count="0" type="stmt"/>
        <line num="34" count="0" type="stmt"/>
        <line num="35" count="0" type="stmt"/>
        <line num="36" count="0" type="stmt"/>
        <line num="37" count="0" type="stmt"/>
      </file>
    </package>
    <package name="application.domain.account.user">
      <metrics statements="50" coveredstatements="20" conditionals="18" coveredconditionals="3" methods="17" coveredmethods="3"/>
      <file name="presenter.ts" path="/tmp/claude-0/-home-user/819d9cea-32bd-5b35-a7ce-e7efc4fd9a56/scratchpad/cov/src/application/domain/account/user/presenter.ts">
        <metrics statements="7" coveredstatements="1" conditionals="2" coveredconditionals="0" methods="5" coveredmethods="0"/>
        <line num="4" count="28" type="stmt"/>
        <line num="6" count="0" type="stmt"/>
        <line num="15" count="0" type="stmt"/>
        <line num="23" count="0" type="stmt"/>
        <line num="30" count="0" type="stmt"/>
        <line num="37" count="0" type="stmt"/>
        <line num="38" count="0" type="stmt"/>
      </file>
      <file name="service.ts" path="/tmp/claude-0/-home-user/819d9cea-32bd-5b35-a7ce-e7efc4fd9a56/scratchpad/cov/src/application/domain/account/user/service.ts">
        <metrics statements="21" coveredstatements="13" conditionals="12" coveredconditionals="3" methods="5" coveredmethods="2"/>
        <line num="4" count="29" type="stmt"/>
        <line num="5" count="29" type="stmt"/>
        <line num="7" count="29" type="stmt"/>
        <line num="10" count="29" type="stmt"/>
        <line num="12" count="4" type="stmt"/>
        <line num="13" count="4" type="stmt"/>
        <line num="14" count="4" type="stmt"/>
        <line num="18" count="0" type="cond" truecount="0" falsecount="2"/>
        <line num="19" count="0" type="cond" truecount="0" falsecount="2"/>
        <line num="20" count="0" type="stmt"/>
        <line num="28" count="0" type="cond" truecount="0" falsecount="2"/>
        <line num="29" count="0" type="cond" truecount="0" falsecount="2"/>
        <line num="30" count="0" type="stmt"/>
        <line num="34" count="0" type="stmt"/>
        <line num="42" count="2" type="cond" truecount="2" falsecount="1"/>
        <line num="43" count="0" type="stmt"/>
        <line num="45" count="2" type="stmt"/>
        <line num="47" count="2" type="stmt"/>
        <line num="50" count="2" type="cond" truecount="1" falsecount="0"/>
        <line num="51" count="1" type="stmt"/>
        <line num="56" count="2" type="stmt"/>
      </file>
      <file name="usecase.ts" path="/tmp/claude-0/-home-user/819d9cea-32bd-5b35-a7ce-e7efc4fd9a56/scratchpad/cov/src/application/domain/account/user/usecase.ts">
        <metrics statements="22" coveredstatements="6" conditionals="4" coveredconditionals="0" methods="7" coveredmethods="1"/>
        <line num="9" count="28" type="stmt"/>
        <line num="10" count="28" type="stmt"/>
        <line num="12" count="28" type="stmt"/>
        <line num="13" count="28" type="stmt"/>
        <line num="16" count="28" type="stmt"/>
        <line num="17" count="2" type="stmt"/>
        <line num="23" count="0" type="stmt"/>
        <line num="24" count="0" type="stmt"/>
        <line num="25" count="0" type="stmt"/>
        <line num="27" count="0" type="stmt"/>
        <line num="28" count="0" type="stmt"/>
        <line num="32" count="0" type="stmt"/>
        <line num="33" count="0" type="cond" truecount="0" falsecount="2"/>
        <line num="40" count="0" type="stmt"/>
        <line num="41" count="0" type="stmt"/>
        <line num="44" count="0" type="stmt"/>
        <line num="53" count="0" type="cond" truecount="0" falsecount="1"/>
        <line num="55" count="0" type="stmt"/>
        <line num="56" count="0" type="stmt"/>
        <line num="63" count="0" type="cond" truecount="0" falsecount="1"/>
        <line num="65" count="0" type="stmt"/>
        <line num="80" count="0" type="stmt"/>
      </file>
    </package>
    <package name="application.domain.account.user.controller">
      <metrics statements="35" coveredstatements="9" conditionals="11" coveredconditionals="0" methods="21" coveredmethods="1"/>
      <file name="resolver.ts" path="/tmp/claude-0/-home-user/819d9cea-32bd-5b35-a7ce-e7efc4fd9a56/scratchpad/cov/src/application/domain/account/user/controller/resolver.ts">
        <metrics statements="35" coveredstatements="9" conditionals="11" coveredconditionals="0" methods="21" coveredmethods="1"/>
        <line num="8" count="2" type="stmt"/>
        <line num="9" count="2" type="stmt"/>
        <line num="10" count="2" type="stmt"/>
        <line num="13" count="2" type="stmt"/>
        <line num="15" count="2" type="stmt"/>
        <line num="16" count="2" type="stmt"/>
        <line num="19" count="2" type="stmt"/>
        <line num="21" count="0" type="stmt"/>
        <line num="24" count="0" type="stmt"/>
        <line num="27" count="2" type="stmt"/>
        <line num="29" count="0" type="stmt"/>
        <line num="32" count="2" type="stmt"/>
        <line num="34" count="0" type="stmt"/>
        <line num="35" count="0" type="cond" truecount="0" falsecount="3"/>
        <line num="37" count="0" type="stmt"/>
        <line num="42" count="0" type="cond" truecount="0" falsecount="2"/>
        <line num="46" count="0" type="cond" truecount="0" falsecount="1"/>
        <line num="47" count="0" type="stmt"/>
        <line num="51" count="0" type="cond" truecount="0" falsecount="2"/>
        <line num="55" count="0" type="stmt"/>
        <line num="56" count="0" type="cond" truecount="0" falsecount="3"/>
        <line num="57" count="0" type="stmt"/>
        <line num="61" count="0" type="stmt"/>
        <line num="65" count="0" type="stmt"/>
        <line num="69" count="0" type="stmt"/>
        <line num="73" count="0" type="stmt"/>
        <line num="77" count="0" type="stmt"/>
        <line num="81" count="0" type="stmt"/>
        <line num="85" count="0" type="stmt"/>
        <line num="89" count="0" type="stmt"/>
        <line num="93" count="0" type="stmt"/>
        <line num="97" count="0" type="stmt"/>
        <line num="101" count="0" type="stmt"/>
        <line num="105" count="0" type="stmt"/>
        <line num="109" count="0" type="stmt"/>
      </file>
    </package>
    <package name="application.domain.account.user.data">
      <metrics statements="25" coveredstatements="15" conditionals="18" coveredconditionals="0" methods="12" coveredmethods="4"/>
      <file name="converter.ts" path="/tmp/claude-0/-home-user/819d9cea-32bd-5b35-a7ce-e7efc4fd9a56/scratchpad/cov/src/application/domain/account/user/data/converter.ts">
        <metrics statements="9" coveredstatements="3" conditionals="14" coveredconditionals="0" methods="4" coveredmethods="0"/>
        <line num="7" count="29" type="stmt"/>
        <line num="8" count="29" type="stmt"/>
        <line num="11" count="29" type="stmt"/>
        <line num="13" count="0" type="cond" truecount="0" falsecount="5"/>
        <line num="15" count="0" type="stmt"/>
        <line num="22" count="0" type="stmt"/>
        <line num="32" count="0" type="stmt"/>
        <line num="41" count="0" type="stmt"/>
        <line num="42" count="0" type="stmt"/>
      </file>
      <file name="repository.ts" path="/tmp/claude-0/-home-user/819d9cea-32bd-5b35-a7ce-e7efc4fd9a56/scratchpad/cov/src/application/domain/account/user/data/repository.ts">
        <metrics statements="11" coveredstatements="7" conditionals="4" coveredconditionals="0" methods="8" coveredmethods="4"/>
        <line num="5" count="28" type="stmt"/>
        <line num="6" count="28" type="stmt"/>
        <line num="9" count="28" type="stmt"/>
        <line num="10" count="13" type="stmt"/>
        <line num="19" count="0" type="stmt"/>
        <line num="20" count="0" type="stmt"/>
        <line num="32" count="2" type="stmt"/>
        <line num="33" count="2" type="stmt"/>
        <line num="41" count="2" type="stmt"/>
        <line num="53" count="0" type="stmt"/>
        <line num="61" count="0" type="stmt"/>
      </file>
      <file name="type.ts" path="/tmp/claude-0/-home-user/819d9cea-32bd-5b35-a7ce-e7efc4fd9a56/scratchpad/cov/src/application/domain/account/user/data/type.ts">
        <metrics statements="5" coveredstatements="5" conditionals="0" coveredconditionals="0" methods="0" coveredmethods="0"/>
        <line num="1" count="29" type="stmt"/>
        <line num="3" count="29" type="stmt"/>
        <line num="46" count="29" type="stmt"/>
        <line num="50" count="29" type="stmt"/>
        <line num="55" count="29" type="stmt"/>
      </file>
    </package>
    <package name="application.domain.account.wallet">
      <metrics statements="91" coveredstatements="75" conditionals="46" coveredconditionals="28" methods="26" coveredmethods="19"/>
      <file name="presenter.ts" path="/tmp/claude-0/-home-user/819d9cea-32bd-5b35-a7ce-e7efc4fd9a56/scratchpad/cov/src/application/domain/account/wallet/presenter.ts">
        <metrics statements="4" coveredstatements="1" conditionals="4" coveredconditionals="0" methods="3" coveredmethods="0"/>
        <line num="4" count="28" type="stmt"/>
        <line num="6" count="0" type="stmt"/>
        <line num="15" count="0" type="stmt"/>
        <line num="23" count="0" type="stmt"/>
      </file>
      <file name="service.ts" path="/tmp/claude-0/-home-user/819d9cea-32bd-5b35-a7ce-e7efc4fd9a56/scratchpad/cov/src/application/domain/account/wallet/service.ts">
        <metrics statements="40" coveredstatements="39" conditionals="15" coveredconditionals="13" methods="12" coveredmethods="11"/>
        <line num="4" count="29" type="stmt"/>
        <line num="5" count="29" type="stmt"/>
        <line num="7" count="29" type="stmt"/>
        <line num="8" count="29" type="stmt"/>
        <line num="12" count="29" type="stmt"/>
        <line num="14" count="125" type="stmt"/>
        <line num="15" count="125" type="stmt"/>
        <line num="16" count="125" type="stmt"/>
        <line num="20" count="1" type="cond" truecount="1" falsecount="1"/>
        <line num="21" count="1" type="cond" truecount="1" falsecount="1"/>
        <line num="23" count="1" type="stmt"/>
        <line num="27" count="2" type="stmt"/>
        <line num="31" count="0" type="stmt"/>
        <line num="35" count="33" type="stmt"/>
        <line num="36" count="33" type="cond" truecount="1" falsecount="0"/>
        <line num="37" count="3" type="stmt"/>
        <line num="39" count="30" type="stmt"/>
        <line num="40" count="28" type="cond" truecount="4" falsecount="0"/>
        <line num="46" count="41" type="stmt"/>
        <line num="47" count="41" type="cond" truecount="1" falsecount="0"/>
        <line num="48" count="4" type="stmt"/>
        <line num="50" count="37" type="stmt"/>
        <line num="54" count="2" type="stmt"/>
        <line num="55" count="2" type="cond" truecount="1" falsecount="0"/>
        <line num="56" count="1" type="stmt"/>
        <line num="58" count="1" type="stmt"/>
        <line num="62" count="3" type="stmt"/>
        <line num="65" count="3" type="stmt"/>
        <line num="74" count="44" type="stmt"/>
        <line num="79" count="44" type="cond" truecount="1" falsecount="0"/>
        <line num="80" count="29" type="stmt"/>
        <line num="83" count="15" type="stmt"/>
        <line num="87" count="15" type="stmt"/>
        <line num="96" count="1" type="stmt"/>
        <line num="97" count="1" type="stmt"/>
        <line num="101" count="30" type="cond" truecount="2" falsecount="0"/>
        <line num="102" count="4" type="stmt"/>
        <line num="103" count="1" type="stmt"/>
        <line num="105" count="2" type="stmt"/>
        <line num="106" count="26" type="stmt"/>
      </file>
      <file name="usecase.ts" path="/tmp/claude-0/-home-user/819d9cea-32bd-5b35-a7ce-e7efc4fd9a56/scratchpad/cov/src/application/domain/account/wallet/usecase.ts">
        <metrics statements="13" coveredstatements="5" conditionals="2" coveredconditionals="0" methods="4" coveredmethods="1"/>
        <line num="8" count="28" type="stmt"/>
        <line num="10" count="28" type="stmt"/>
        <line num="11" count="28" type="stmt"/>
        <line num="14" count="28" type="stmt"/>
        <line num="17" count="2" type="stmt"/>
        <line num="24" count="0" type="stmt"/>
        <line num="26" count="0" type="stmt"/>
        <line num="28" count="0" type="stmt"/>
        <line num="29" count="0" type="stmt"/>
        <line num="30" count="0" type="stmt"/>
        <line num="33" count="0" type="stmt"/>
        <line num="37" count="0" type="stmt"/>
        <line num="38" count="0" type="cond" truecount="0" falsecount="2"/>
      </file>
      <file name="validator.ts" path="/tmp/claude-0/-home-user/819d9cea-32bd-5b35-a7ce-e7efc4fd9a56/scratchpad/cov/src/application/domain/account/wallet/validator.ts">
        <metrics statements="34" coveredstatements="30" conditionals="25" coveredconditionals="15" methods="7" coveredmethods="7"/>
        <line num="2" count="29" type="stmt"/>
        <line num="3" count="29" type="stmt"/>
        <line num="6" count="29" type="stmt"/>
        <line num="9" count="29" type="stmt"/>
        <line num="12" count="65" type="stmt"/>
        <line num="26" count="18" type="stmt"/>
        <line num="27" count="18" type="stmt"/>
        <line num="29" count="18" type="stmt"/>
        <line num="38" count="18" type="stmt"/>
        <line num="39" count="16" type="stmt"/>
        <line num="50" count="18" type="stmt"/>
        <line num="51" count="18" type="cond" truecount="1" falsecount="1"/>
        <line num="55" count="18" type="cond" truecount="1" falsecount="2"/>
        <line num="57" count="18" type="stmt"/>
        <line num="59" count="0" type="stmt"/>
        <line num="61" count="0" type="stmt"/>
        <line num="70" count="23" type="stmt"/>
        <line num="72" count="19" type="stmt"/>
        <line num="83" count="59" type="cond" truecount="3" falsecount="0"/>
        <line num="84" count="2" type="stmt"/>
        <line num="88" count="2" type="stmt"/>
        <line num="90" count="57" type="cond" truecount="1" falsecount="1"/>
        <line num="92" count="57" type="cond" truecount="1" falsecount="0"/>
        <line num="93" count="1" type="stmt"/>
        <line num="98" count="56" type="cond" truecount="1" falsecount="0"/>
        <line num="99" count="12" type="stmt"/>
        <line num="104" count="29" type="cond" truecount="2" falsecount="0"/>
        <line num="105" count="29" type="stmt"/>
        <line num="106" count="29" type="stmt"/>
        <line num="107" count="29" type="stmt"/>
        <line num="111" count="18" type="cond" truecount="1" falsecount="6"/>
        <line num="114" count="18" type="stmt"/>
        <line num="119" count="0" type="stmt"/>
        <line num="121" count="0" type="stmt"/>
      </file>
    </package>
    <package name="application.domain.account.wallet.controller">
      <metrics statements="12" coveredstatements="6" conditionals="4" coveredconditionals="0" methods="7" coveredmethods="1"/>
      <file name="resolver.ts" path="/tmp/claude-0/-home-user/819d9cea-32bd-5b35-a7ce-e7efc4fd9a56/scratchpad/cov/src/application/domain/account/wallet/controller/resolver.ts">
        <metrics statements="12" coveredstatements="6" conditionals="4" coveredconditionals="0" methods="7" coveredmethods="1"/>
        <line num="3" count="2" type="stmt"/>
        <line num="5" count="2" type="stmt"/>
        <line num="9" count="2" type="stmt"/>
        <line num="10" count="2" type="stmt"/>
        <line num="12" count="2" type="stmt"/>
        <line num="14" count="0" type="stmt"/>
        <line num="17" count="0" type="stmt"/>
        <line num="21" count="2" type="stmt"/>
        <line num="23" count="0" type="cond" truecount="0" falsecount="2"/>
        <line num="27" count="0" type="cond" truecount="0" falsecount="2"/>
        <line num="31" count="0" type="stmt"/>
        <line num="35" count="0" type="stmt"/>
      </file>
    </package>
    <package name="application.domain.account.wallet.data">
      <metrics statements="24" coveredstatements="17" conditionals="12" coveredconditionals="0" methods="14" coveredmethods="7"/>
      <file name="converter.ts" path="/tmp/claude-0/-home-user/819d9cea-32bd-5b35-a7ce-e7efc4fd9a56/scratchpad/cov/src/application/domain/account/wallet/data/converter.ts">
        <metrics statements="7" coveredstatements="5" conditionals="8" coveredconditionals="0" methods="4" coveredmethods="2"/>
        <line num="2" count="29" type="stmt"/>
        <line num="3" count="29" type="stmt"/>
        <line num="6" count="29" type="stmt"/>
        <line num="8" count="0" type="stmt"/>
        <line num="18" count="0" type="cond" truecount="0" falsecount="2"/>
        <line num="22" count="2" type="stmt"/>
        <line num="29" count="14" type="stmt"/>
      </file>
      <file name="repository.ts" path="/tmp/claude-0/-home-user/819d9cea-32bd-5b35-a7ce-e7efc4fd9a56/scratchpad/cov/src/application/domain/account/wallet/data/repository.ts">
        <metrics statements="14" coveredstatements="9" conditionals="4" coveredconditionals="0" methods="10" coveredmethods="5"/>
        <line num="2" count="28" type="stmt"/>
        <line num="4" count="28" type="stmt"/>
        <line num="5" count="28" type="stmt"/>
        <line num="8" count="28" type="stmt"/>
        <line num="16" count="0" type="stmt"/>
        <line num="17" count="0" type="stmt"/>
        <line num="29" count="0" type="stmt"/>
        <line num="30" count="0" type="stmt"/>
        <line num="38" count="39" type="stmt"/>
        <line num="39" count="39" type="stmt"/>
        <line num="47" count="65" type="stmt"/>
        <line num="48" count="65" type="stmt"/>
        <line num="56" count="16" type="stmt"/>
        <line num="63" count="0" type="stmt"/>
      </file>
      <file name="type.ts" path="/tmp/claude-0/-home-user/819d9cea-32bd-5b35-a7ce-e7efc4fd9a56/scratchpad/cov/src/application/domain/account/wallet/data/type.ts">
        <metrics statements="3" coveredstatements="3" conditionals="0" coveredconditionals="0" methods="0" coveredmethods="0"/>
        <line num="1" count="28" type="stmt"/>
        <line num="3" count="28" type="stmt"/>
        <line num="9" count="28" type="stmt"/>
      </file>
    </package>
    <package name="application.domain.content.article">
      <metrics statements="82" coveredstatements="20" conditionals="38" coveredconditionals="3" methods="28" coveredmethods="4"/>
      <file name="presenter.ts" path="/tmp/claude-0/-home-user/819d9cea-32bd-5b35-a7ce-e7efc4fd9a56/scratchpad/cov/src/application/domain/content/article/presenter.ts">
        <metrics statements="7" coveredstatements="1" conditionals="2" coveredconditionals="0" methods="6" coveredmethods="0"/>
        <line num="10" count="28" type="stmt"/>
        <line num="12" count="0" type="stmt"/>
        <line num="21" count="0" type="stmt"/>
        <line num="29" count="0" type="stmt"/>
        <line num="36" count="0" type="stmt"/>
        <line num="43" count="0" type="stmt"/>
        <line num="50" count="0" type="stmt"/>
      </file>
      <file name="service.ts" path="/tmp/claude-0/-home-user/819d9cea-32bd-5b35-a7ce-e7efc4fd9a56/scratchpad/cov/src/application/domain/content/article/service.ts">
        <metrics statements="36" coveredstatements="11" conditionals="17" coveredconditionals="3" methods="9" coveredmethods="3"/>
        <line num="1" count="29" type="stmt"/>
        <line num="3" count="29" type="stmt"/>
        <line num="12" count="29" type="stmt"/>
        <line num="13" count="29" type="stmt"/>
        <line num="16" count="29" type="stmt"/>
        <line num="18" count="10" type="stmt"/>
        <line num="19" count="10" type="stmt"/>
        <line num="20" count="10" type="stmt"/>
        <line num="29" count="0" type="cond" truecount="0" falsecount="2"/>
        <line num="30" count="0" type="cond" truecount="0" falsecount="2"/>
        <line num="32" count="0" type="stmt"/>
        <line num="36" count="0" type="cond" truecount="0" falsecount="2"/>
        <line num="37" count="0" type="stmt"/>
        <line num="38" count="0" type="cond" truecount="0" falsecount="1"/>
        <line num="39" count="0" type="stmt"/>
        <line num="41" count="0" type="stmt"/>
        <line num="45" count="11" type="cond" truecount="1" falsecount="0"/>
        <line num="47" count="1012" type="stmt"/>
        <line num="49" count="6" type="stmt"/>
        <line num="62" count="0" type="stmt"/>
        <line num="65" count="0" type="cond" truecount="0" falsecount="1"/>
        <line num="66" count="0" type="stmt"/>
        <line num="69" count="0" type="stmt"/>
        <line num="78" count="0" type="stmt"/>
        <line num="87" count="0" type="stmt"/>
        <line num="89" count="0" type="stmt"/>
        <line num="92" count="0" type="cond" truecount="0" falsecount="1"/>
        <line num="93" count="0" type="stmt"/>
        <line num="96" count="0" type="stmt"/>
        <line num="105" count="0" type="stmt"/>
        <line num="109" count="0" type="stmt"/>
        <line num="110" count="0" type="stmt"/>
        <line num="114" count="0" type="stmt"/>
        <line num="115" count="0" type="cond" truecount="0" falsecount="1"/>
        <line num="116" count="0" type="stmt"/>
        <line num="118" count="0" type="stmt"/>
      </file>
      <file name="usecase.ts" path="/tmp/claude-0/-home-user/819d9cea-32bd-5b35-a7ce-e7efc4fd9a56/scratchpad/cov/src/application/domain/content/article/usecase.ts">
        <metrics statements="39" coveredstatements="8" conditionals="19" coveredconditionals="0" methods="13" coveredmethods="1"/>
        <line num="15" count="28" type="stmt"/>
        <line num="16" count="28" type="stmt"/>
        <line num="17" count="28" type="stmt"/>
        <line num="18" count="28" type="stmt"/>
        <line num="19" count="28" type="stmt"/>
        <line num="20" count="28" type="stmt"/>
        <line num="23" count="28" type="stmt"/>
        <line num="24" count="2" type="stmt"/>
        <line num="30" count="0" type="stmt"/>
        <line num="32" count="0" type="stmt"/>
        <line num="33" count="0" type="cond" truecount="0" falsecount="2"/>
        <line num="35" count="0" type="stmt"/>
        <line num="36" count="0" type="cond" truecount="0" falsecount="2"/>
        <line num="42" count="0" type="stmt"/>
        <line num="44" count="0" type="stmt"/>
        <line num="52" count="0" type="stmt"/>
        <line num="63" count="0" type="stmt"/>
        <line num="64" count="0" type="stmt"/>
        <line num="65" count="0" type="stmt"/>
        <line num="72" count="0" type="stmt"/>
        <line num="73" count="0" type="stmt"/>
        <line num="74" count="0" type="stmt"/>
        <line num="76" count="0" type="stmt"/>
        <line num="83" count="0" type="stmt"/>
        <line num="84" count="0" type="cond" truecount="0" falsecount="2"/>
        <line num="91" count="0" type="stmt"/>
        <line num="92" count="0" type="stmt"/>
        <line num="93" count="0" type="stmt"/>
        <line num="101" count="0" type="stmt"/>
        <line num="102" count="0" type="stmt"/>
        <line num="103" count="0" type="stmt"/>
        <line num="111" count="0" type="stmt"/>
        <line num="112" count="0" type="stmt"/>
        <line num="113" count="0" type="stmt"/>
        <line num="125" count="0" type="stmt"/>
        <line num="126" count="0" type="cond" truecount="0" falsecount="1"/>
        <line num="127" count="0" type="stmt"/>
        <line num="131" count="0" type="stmt"/>
        <line num="150" count="0" type="cond" truecount="0" falsecount="2"/>
      </file>
    </package>
    <package name="application.domain.content.article.controller">
      <metrics statements="17" coveredstatements="7" conditionals="4" coveredconditionals="0" methods="11" coveredmethods="1"/>
      <file name="resolver.ts" path="/tmp/claude-0/-home-user/819d9cea-32bd-5b35-a7ce-e7efc4fd9a56/scratchpad/cov/src/application/domain/content/article/controller/resolver.ts">
        <metrics statements="17" coveredstatements="7" conditionals="4" coveredconditionals="0" methods="11" coveredmethods="1"/>
        <line num="1" count="2" type="stmt"/>
        <line num="10" count="2" type="stmt"/>
        <line num="13" count="2" type="stmt"/>
        <line num="14" count="2" type="stmt"/>
        <line num="16" count="2" type="stmt"/>
        <line num="18" count="0" type="stmt"/>
        <line num="21" count="0" type="stmt"/>
        <line num="25" count="2" type="stmt"/>
        <line num="27" count="0" type="cond" truecount="0" falsecount="2"/>
        <line num="31" count="0" type="cond" truecount="0" falsecount="2"/>
        <line num="35" count="0" type="stmt"/>
        <line num="39" count="0" type="stmt"/>
        <line num="43" count="0" type="stmt"/>
        <line num="47" count="2" type="stmt"/>
        <line num="49" count="0" type="stmt"/>
        <line num="52" count="0" type="stmt"/>
        <line num="55" count="0" type="stmt"/>
      </file>
    </package>
    <package name="application.domain.content.article.data">
      <metrics statements="63" coveredstatements="12" conditionals="65" coveredconditionals="0" methods="23" coveredmethods="0"/>
      <file name="converter.ts" path="/tmp/claude-0/-home-user/819d9cea-32bd-5b35-a7ce-e7efc4fd9a56/scratchpad/cov/src/application/domain/content/article/data/converter.ts">
        <metrics statements="45" coveredstatements="3" conditionals="51" coveredconditionals="0" methods="14" coveredmethods="0"/>
        <line num="9" count="29" type="stmt"/>
        <line num="10" count="29" type="stmt"/>
        <line num="13" count="29" type="stmt"/>
        <line num="15" count="0" type="cond" truecount="0" falsecount="1"/>
        <line num="17" count="0" type="stmt"/>
        <line num="19" count="0" type="cond" truecount="0" falsecount="1"/>
        <line num="20" count="0" type="stmt"/>
        <line num="28" count="0" type="cond" truecount="0" falsecount="1"/>
        <line num="29" count="0" type="stmt"/>
        <line num="30" count="0" type="cond" truecount="0" falsecount="1"/>
        <line num="31" count="0" type="stmt"/>
        <line num="34" count="0" type="cond" truecount="0" falsecount="1"/>
        <line num="35" count="0" type="stmt"/>
        <line num="37" count="0" type="cond" truecount="0" falsecount="1"/>
        <line num="38" count="0" type="stmt"/>
        <line num="39" count="0" type="cond" truecount="0" falsecount="1"/>
        <line num="40" count="0" type="stmt"/>
        <line num="42" count="0" type="cond" truecount="0" falsecount="3"/>
        <line num="43" count="0" type="stmt"/>
        <line num="51" count="0" type="cond" truecount="0" falsecount="1"/>
        <line num="53" count="0" type="cond" truecount="0" falsecount="1"/>
[...]
        <line num="119" count="2" type="stmt"/>
        <line num="120" count="2" type="stmt"/>
        <line num="121" count="2" type="stmt"/>
        <line num="122" count="2" type="stmt"/>
        <line num="123" count="2" type="stmt"/>
        <line num="127" count="42" type="stmt"/>
        <line num="129" count="2" type="stmt"/>
        <line num="130" count="2" type="stmt"/>
        <line num="134" count="42" type="stmt"/>
        <line num="138" count="2" type="stmt"/>
        <line num="139" count="2" type="stmt"/>
        <line num="143" count="42" type="stmt"/>
        <line num="145" count="0" type="stmt"/>
        <line num="146" count="0" type="stmt"/>
        <line num="150" count="42" type="stmt"/>
        <line num="152" count="1" type="stmt"/>
        <line num="153" count="1" type="stmt"/>
        <line num="157" count="42" type="stmt"/>
        <line num="159" count="1" type="stmt"/>
        <line num="160" count="1" type="stmt"/>
        <line num="164" count="42" type="stmt"/>
        <line num="169" count="0" type="stmt"/>
        <line num="170" count="0" type="stmt"/>
        <line num="171" count="0" type="stmt"/>
        <line num="172" count="0" type="stmt"/>
        <line num="173" count="0" type="stmt"/>
        <line num="178" count="42" type="stmt"/>
        <line num="180" count="1" type="stmt"/>
        <line num="181" count="1" type="stmt"/>
        <line num="185" count="42" type="stmt"/>
        <line num="187" count="1" type="stmt"/>
        <line num="188" count="1" type="stmt"/>
        <line num="192" count="42" type="stmt"/>
        <line num="194" count="13" type="stmt"/>
        <line num="195" count="13" type="stmt"/>
        <line num="196" count="13" type="stmt"/>
        <line num="201" count="42" type="stmt"/>
        <line num="203" count="0" type="stmt"/>
        <line num="204" count="0" type="stmt"/>
        <line num="208" count="42" type="stmt"/>
        <line num="212" count="0" type="stmt"/>
        <line num="213" count="0" type="stmt"/>
        <line num="218" count="42" type="stmt"/>
        <line num="220" count="0" type="stmt"/>
        <line num="221" count="0" type="stmt"/>
        <line num="225" count="42" type="stmt"/>
        <line num="227" count="0" type="stmt"/>
        <line num="228" count="0" type="stmt"/>
      </file>
    </package>
    <package name="infrastructure.libs">
      <metrics statements="73" coveredstatements="26" conditionals="15" coveredconditionals="1" methods="7" coveredmethods="0"/>
      <file name="did.ts" path="/tmp/claude-0/-home-user/819d9cea-32bd-5b35-a7ce-e7efc4fd9a56/scratchpad/cov/src/infrastructure/libs/did.ts">
        <metrics statements="21" coveredstatements="5" conditionals="4" coveredconditionals="0" methods="1" coveredmethods="0"/>
        <line num="1" count="28" type="stmt"/>
        <line num="2" count="28" type="stmt"/>
        <line num="3" count="28" type="stmt"/>
        <line num="4" count="28" type="stmt"/>
        <line num="7" count="28" type="stmt"/>
        <line num="15" count="0" type="stmt"/>
        <line num="16" count="0" type="stmt"/>
        <line num="22" count="0" type="stmt"/>
        <line num="24" count="0" type="stmt"/>
        <line num="26" count="0" type="cond" truecount="0" falsecount="4"/>
        <line num="28" count="0" type="stmt"/>
        <line num="29" count="0" type="stmt"/>
        <line num="31" count="0" type="stmt"/>
        <line num="32" count="0" type="stmt"/>
        <line num="34" count="0" type="stmt"/>
        <line num="35" count="0" type="stmt"/>
        <line num="37" count="0" type="stmt"/>
        <line num="38" count="0" type="stmt"/>
        <line num="41" count="0" type="stmt"/>
        <line num="43" count="0" type="stmt"/>
        <line num="44" count="0" type="stmt"/>
      </file>
      <file name="firebase.ts" path="/tmp/claude-0/-home-user/819d9cea-32bd-5b35-a7ce-e7efc4fd9a56/scratchpad/cov/src/infrastructure/libs/firebase.ts">
        <metrics statements="5" coveredstatements="4" conditionals="1" coveredconditionals="0" methods="0" coveredmethods="0"/>
        <line num="1" count="28" type="stmt"/>
        <line num="4" count="28" type="stmt"/>
        <line num="5" count="28" type="cond" truecount="0" falsecount="1"/>
        <line num="6" count="0" type="stmt"/>
        <line num="15" count="28" type="stmt"/>
      </file>
      <file name="line.ts" path="/tmp/claude-0/-home-user/819d9cea-32bd-5b35-a7ce-e7efc4fd9a56/scratchpad/cov/src/infrastructure/libs/line.ts">
        <metrics statements="22" coveredstatements="8" conditionals="0" coveredconditionals="0" methods="3" coveredmethods="0"/>
        <line num="1" count="28" type="stmt"/>
        <line num="3" count="28" type="stmt"/>
        <line num="4" count="28" type="stmt"/>
        <line num="5" count="28" type="stmt"/>
        <line num="6" count="28" type="stmt"/>
        <line num="8" count="28" type="stmt"/>
        <line num="9" count="0" type="stmt"/>
        <line num="13" count="0" type="stmt"/>
        <line num="16" count="28" type="stmt"/>
        <line num="19" count="0" type="stmt"/>
        <line num="20" count="0" type="stmt"/>
        <line num="22" count="0" type="stmt"/>
        <line num="23" count="0" type="stmt"/>
        <line num="25" count="0" type="stmt"/>
        <line num="30" count="0" type="stmt"/>
        <line num="33" count="28" type="stmt"/>
        <line num="36" count="0" type="stmt"/>
        <line num="37" count="0" type="stmt"/>
        <line num="39" count="0" type="stmt"/>
        <line num="40" count="0" type="stmt"/>
        <line num="42" count="0" type="stmt"/>
        <line num="47" count="0" type="stmt"/>
      </file>
      <file name="storage.ts" path="/tmp/claude-0/-home-user/819d9cea-32bd-5b35-a7ce-e7efc4fd9a56/scratchpad/cov/src/infrastructure/libs/storage.ts">
        <metrics statements="25" coveredstatements="9" conditionals="10" coveredconditionals="1" methods="3" coveredmethods="0"/>
        <line num="1" count="33" type="stmt"/>
        <line num="2" count="33" type="stmt"/>
        <line num="4" count="33" type="stmt"/>
        <line num="5" count="33" type="cond" truecount="1" falsecount="1"/>
        <line num="9" count="33" type="stmt"/>
        <line num="10" count="33" type="stmt"/>
        <line num="15" count="33" type="stmt"/>
        <line num="20" count="0" type="stmt"/>
        <line num="21" count="0" type="cond" truecount="0" falsecount="2"/>
        <line num="22" count="0" type="cond" truecount="0" falsecount="2"/>
        <line num="23" count="0" type="stmt"/>
        <line num="29" count="0" type="stmt"/>
        <line num="30" count="0" type="stmt"/>
        <line num="32" count="0" type="stmt"/>
        <line num="33" count="0" type="stmt"/>
        <line num="37" count="33" type="stmt"/>
        <line num="38" count="0" type="cond" truecount="0" falsecount="2"/>
        <line num="39" count="0" type="stmt"/>
        <line num="40" count="0" type="stmt"/>
        <line num="42" count="0" type="cond" truecount="0" falsecount="2"/>
        <line num="43" count="0" type="stmt"/>
        <line num="46" count="33" type="stmt"/>
        <line num="47" count="0" type="stmt"/>
        <line num="48" count="0" type="stmt"/>
        <line num="49" count="0" type="stmt"/>
      </file>
    </package>
    <package name="infrastructure.logging">
      <metrics statements="20" coveredstatements="17" conditionals="5" coveredconditionals="2" methods="2" coveredmethods="2"/>
      <file name="index.ts" path="/tmp/claude-0/-home-user/819d9cea-32bd-5b35-a7ce-e7efc4fd9a56/scratchpad/cov/src/infrastructure/logging/index.ts">
        <metrics statements="20" coveredstatements="17" conditionals="5" coveredconditionals="2" methods="2" coveredmethods="2"/>
        <line num="1" count="34" type="stmt"/>
        <line num="2" count="34" type="stmt"/>
        <line num="4" count="34" type="stmt"/>
        <line num="6" count="34" type="stmt"/>
        <line num="7" count="5403" type="stmt"/>
        <line num="8" count="5403" type="stmt"/>
        <line num="11" count="34" type="stmt"/>
        <line num="12" count="5403" type="cond" truecount="0" falsecount="1"/>
        <line num="13" count="0" type="stmt"/>
        <line num="19" count="5403" type="stmt"/>
        <line num="22" count="34" type="stmt"/>
        <line num="29" count="34" type="cond" truecount="1" falsecount="1"/>
        <line num="30" count="0" type="stmt"/>
        <line num="32" count="34" type="stmt"/>
        <line num="35" count="34" type="stmt"/>
        <line num="36" count="34" type="cond" truecount="1" falsecount="1"/>
        <line num="37" count="34" type="stmt"/>
        <line num="39" count="0" type="stmt"/>
        <line num="42" count="34" type="stmt"/>
        <line num="48" count="34" type="stmt"/>
      </file>
    </package>
    <package name="infrastructure.prisma">
      <metrics statements="49" coveredstatements="41" conditionals="14" coveredconditionals="8" methods="12" coveredmethods="10"/>
      <file name="client.ts" path="/tmp/claude-0/-home-user/819d9cea-32bd-5b35-a7ce-e7efc4fd9a56/scratchpad/cov/src/infrastructure/prisma/client.ts">
        <metrics statements="49" coveredstatements="41" conditionals="14" coveredconditionals="8" methods="12" coveredmethods="10"/>
        <line num="1" count="28" type="stmt"/>
        <line num="4" count="28" type="stmt"/>
        <line num="5" count="28" type="stmt"/>
        <line num="6" count="28" type="stmt"/>
        <line num="11" count="28" type="stmt"/>
        <line num="19" count="28" type="stmt"/>
        <line num="20" count="5074" type="stmt"/>
        <line num="26" count="5074" type="cond" truecount="0" falsecount="1"/>
        <line num="27" count="0" type="stmt"/>
        <line num="34" count="28" type="stmt"/>
        <line num="35" count="5" type="stmt"/>
        <line num="39" count="28" type="stmt"/>
        <line num="43" count="97" type="stmt"/>
        <line num="47" count="0" type="stmt"/>
        <line num="51" count="194" type="stmt"/>
        <line num="55" count="60" type="stmt"/>
        <line num="60" count="60" type="cond" truecount="0" falsecount="1"/>
        <line num="61" count="0" type="stmt"/>
        <line num="64" count="60" type="stmt"/>
        <line num="65" count="60" type="cond" truecount="1" falsecount="0"/>
        <line num="66" count="59" type="stmt"/>
        <line num="67" count="59" type="stmt"/>
        <line num="68" count="59" type="stmt"/>
        <line num="70" count="59" type="stmt"/>
        <line num="71" count="59" type="stmt"/>
        <line num="72" count="59" type="stmt"/>
        <line num="79" count="59" type="stmt"/>
        <line num="80" count="59" type="cond" truecount="1" falsecount="1"/>
        <line num="81" count="0" type="stmt"/>
        <line num="83" count="59" type="stmt"/>
        <line num="88" count="1" type="stmt"/>
        <line num="92" count="0" type="cond" truecount="0" falsecount="2"/>
        <line num="93" count="0" type="stmt"/>
        <line num="95" count="0" type="stmt"/>
        <line num="100" count="194" type="stmt"/>
        <line num="101" count="194" type="stmt"/>
        <line num="102" count="194" type="stmt"/>
        <line num="104" count="194" type="stmt"/>
        <line num="105" count="194" type="stmt"/>
        <line num="106" count="194" type="stmt"/>
        <line num="113" count="194" type="stmt"/>
        <line num="114" count="194" type="cond" truecount="1" falsecount="1"/>
        <line num="115" count="0" type="stmt"/>
        <line num="117" count="194" type="stmt"/>
        <line num="123" count="253" type="stmt"/>
        <line num="126" count="253" type="stmt"/>
        <line num="130" count="253" type="cond" truecount="2" falsecount="0"/>
        <line num="131" count="253" type="stmt"/>
        <line num="134" count="253" type="stmt"/>
      </file>
    </package>
    <package name="presentation.graphql">
      <metrics statements="94" coveredstatements="68" conditionals="27" coveredconditionals="5" methods="13" coveredmethods="4"/>
      <file name="resolver.ts" path="/tmp/claude-0/-home-user/819d9cea-32bd-5b35-a7ce-e7efc4fd9a56/scratchpad/cov/src/presentation/graphql/resolver.ts">
        <metrics statements="42" coveredstatements="42" conditionals="0" coveredconditionals="0" methods="0" coveredmethods="0"/>
        <line num="1" count="2" type="stmt"/>
        <line num="3" count="2" type="stmt"/>
        <line num="4" count="2" type="stmt"/>
        <line num="5" count="2" type="stmt"/>
        <line num="6" count="2" type="stmt"/>
        <line num="7" count="2" type="stmt"/>
        <line num="8" count="2" type="stmt"/>
        <line num="9" count="2" type="stmt"/>
        <line num="10" count="2" type="stmt"/>
        <line num="11" count="2" type="stmt"/>
        <line num="12" count="2" type="stmt"/>
        <line num="13" count="2" type="stmt"/>
        <line num="14" count="2" type="stmt"/>
        <line num="15" count="2" type="stmt"/>
        <line num="16" count="2" type="stmt"/>
        <line num="17" count="2" type="stmt"/>
        <line num="18" count="2" type="stmt"/>
        <line num="19" count="2" type="stmt"/>
        <line num="20" count="2" type="stmt"/>
        <line num="21" count="2" type="stmt"/>
        <line num="22" count="2" type="stmt"/>
        <line num="24" count="2" type="stmt"/>
        <line num="25" count="2" type="stmt"/>
        <line num="26" count="2" type="stmt"/>
        <line num="27" count="2" type="stmt"/>
        <line num="28" count="2" type="stmt"/>
        <line num="30" count="2" type="stmt"/>
        <line num="32" count="2" type="stmt"/>
        <line num="33" count="2" type="stmt"/>
        <line num="34" count="2" type="stmt"/>
        <line num="35" count="2" type="stmt"/>
        <line num="36" count="2" type="stmt"/>
        <line num="37" count="2" type="stmt"/>
        <line num="39" count="2" type="stmt"/>
        <line num="40" count="2" type="stmt"/>
        <line num="42" count="2" type="stmt"/>
        <line num="43" count="2" type="stmt"/>
        <line num="44" count="2" type="stmt"/>
        <line num="45" count="2" type="stmt"/>
        <line num="47" count="2" type="stmt"/>
        <line num="49" count="2" type="stmt"/>
        <line num="114" count="2" type="stmt"/>
      </file>
      <file name="rule.ts" path="/tmp/claude-0/-home-user/819d9cea-32bd-5b35-a7ce-e7efc4fd9a56/scratchpad/cov/src/presentation/graphql/rule.ts">
        <metrics statements="52" coveredstatements="26" conditionals="27" coveredconditionals="5" methods="13" coveredmethods="4"/>
        <line num="1" count="2" type="stmt"/>
        <line num="2" count="2" type="stmt"/>
        <line num="6" count="2" type="cond" truecount="2" falsecount="0"/>
        <line num="7" count="2" type="stmt"/>
        <line num="8" count="2" type="stmt"/>
        <line num="9" count="2" type="stmt"/>
        <line num="13" count="2" type="stmt"/>
        <line num="16" count="0" type="cond" truecount="0" falsecount="1"/>
        <line num="18" count="0" type="stmt"/>
        <line num="22" count="2" type="stmt"/>
        <line num="25" count="0" type="cond" truecount="0" falsecount="1"/>
        <line num="27" count="0" type="stmt"/>
        <line num="28" count="0" type="cond" truecount="0" falsecount="2"/>
        <line num="32" count="2" type="stmt"/>
        <line num="35" count="15" type="stmt"/>
        <line num="36" count="15" type="stmt"/>
        <line num="37" count="15" type="cond" truecount="2" falsecount="0"/>
        <line num="41" count="2" type="stmt"/>
        <line num="44" count="20" type="cond" truecount="0" falsecount="1"/>
        <line num="46" count="20" type="stmt"/>
        <line num="47" count="20" type="stmt"/>
        <line num="49" count="20" type="cond" truecount="1" falsecount="0"/>
        <line num="50" count="15" type="cond" truecount="0" falsecount="1"/>
        <line num="52" count="15" type="stmt"/>
        <line num="53" count="15" type="stmt"/>
        <line num="56" count="15" type="stmt"/>
        <line num="60" count="2" type="stmt"/>
        <line num="63" count="0" type="cond" truecount="0" falsecount="1"/>
        <line num="65" count="0" type="stmt"/>
        <line num="66" count="0" type="stmt"/>
        <line num="68" count="0" type="cond" truecount="0" falsecount="3"/>
        <line num="70" count="0" type="stmt"/>
        <line num="71" count="0" type="stmt"/>
        <line num="73" count="0" type="cond" truecount="0" falsecount="2"/>
        <line num="77" count="2" type="stmt"/>
        <line num="80" count="0" type="cond" truecount="0" falsecount="1"/>
        <line num="82" count="0" type="stmt"/>
        <line num="83" count="0" type="stmt"/>
        <line num="85" count="0" type="cond" truecount="0" falsecount="3"/>
        <line num="87" count="0" type="stmt"/>
        <line num="88" count="0" type="stmt"/>
        <line num="90" count="0" type="stmt"/>
        <line num="94" count="2" type="stmt"/>
        <line num="97" count="0" type="cond" truecount="0" falsecount="1"/>
        <line num="99" count="0" type="stmt"/>
        <line num="100" count="0" type="stmt"/>
        <line num="102" count="0" type="cond" truecount="0" falsecount="3"/>
        <line num="104" count="0" type="stmt"/>
        <line num="105" count="0" type="cond" truecount="0" falsecount="2"/>
        <line num="109" count="2" type="stmt"/>
        <line num="117" count="0" type="stmt"/>
        <line num="139" count="2" type="stmt"/>
      </file>
    </package>
    <package name="presentation.graphql.schema">
      <metrics statements="19" coveredstatements="19" conditionals="0" coveredconditionals="0" methods="0" coveredmethods="0"/>
      <file name="index.ts" path="/tmp/claude-0/-home-user/819d9cea-32bd-5b35-a7ce-e7efc4fd9a56/scratchpad/cov/src/presentation/graphql/schema/index.ts">
        <metrics statements="19" coveredstatements="19" conditionals="0" coveredconditionals="0" methods="0" coveredmethods="0"/>
        <line num="1" count="2" type="stmt"/>
        <line num="2" count="2" type="stmt"/>
        <line num="3" count="2" type="stmt"/>
        <line num="4" count="2" type="stmt"/>
        <line num="5" count="2" type="stmt"/>
        <line num="6" count="2" type="stmt"/>
        <line num="7" count="2" type="stmt"/>
        <line num="8" count="2" type="stmt"/>
        <line num="9" count="2" type="stmt"/>
        <line num="10" count="2" type="stmt"/>
        <line num="12" count="2" type="stmt"/>
        <line num="15" count="2" type="stmt"/>
        <line num="21" count="2" type="stmt"/>
        <line num="24" count="2" type="stmt"/>
        <line num="29" count="2" type="stmt"/>
        <line num="32" count="2" type="stmt"/>
        <line num="38" count="2" type="stmt"/>
        <line num="41" count="2" type="stmt"/>
        <line num="43" count="2" type="stmt"/>
      </file>
    </package>
    <package name="presentation.middleware">
      <metrics statements="10" coveredstatements="6" conditionals="1" coveredconditionals="0" methods="1" coveredmethods="1"/>
      <file name="error.ts" path="/tmp/claude-0/-home-user/819d9cea-32bd-5b35-a7ce-e7efc4fd9a56/scratchpad/cov/src/presentation/middleware/error.ts">
        <metrics statements="10" coveredstatements="6" conditionals="1" coveredconditionals="0" methods="1" coveredmethods="1"/>
        <line num="1" count="2" type="stmt"/>
        <line num="2" count="2" type="stmt"/>
        <line num="6" count="2" type="stmt"/>
        <line num="18" count="37" type="stmt"/>
        <line num="19" count="37" type="stmt"/>
        <line num="21" count="0" type="stmt"/>
        <line num="23" count="0" type="cond" truecount="0" falsecount="1"/>
        <line num="24" count="0" type="stmt"/>
        <line num="27" count="0" type="stmt"/>
        <line num="35" count="2" type="stmt"/>
      </file>
    </package>
  </project>
</coverage>
